H.sapiens_DNAJA3_dnaJ_homolog_subfamily_A_member_3_mitochondrial_
H.sapiens_DNAJA3_dnaJ_homolog_subfamily_A_member_3_mitochondrial_
E.caballus_DNAJA3_dnaJ_homolog_subfamily_A_member_3_mitochondrial
F.catus_DNAJA3_dnaJ_homolog_subfamily_A_member_3_mitochondrial_is
C.mydas_DNAJA3_dnaJ_homolog_subfamily_A_member_3_mitochondrial_is
G.gallus_DNAJA3_dnaJ_homolog_subfamily_A_member_3_mitochondrial_i
S.townsendi_DNAJA3_dnaJ_homolog_subfamily_A_member_3_mitochondria
D.rerio_dnaja3a_DnaJ_heat_shock_protein_family_Hsp40_member_A3a
C.carcharias_LOC121288591_dnaJ_homolog_subfamily_A_member_3_mitoc
X.laevis_dnaja3.S_dnaJ_homolog_subfamily_A_member_3_mitochondrial
X.laevis_dnaja3.L_dnaJ_heat_shock_protein_family_Hsp40_member_A3_
D.rerio_dnaja3a_DnaJ_heat_shock_protein_family_Hsp40_member_A3a
S.salar_dnaja3a_dnaJ_heat_shock_protein_family_Hsp40_member_A3a_i
S.salar_LOC106592966_dnaJ_homolog_subfamily_A_member_3_mitochondr
G.aculeatus_dnaja3a_dnaJ_heat_shock_protein_family_Hsp40_member_A
S.salar_LOC106590570_dnaJ_homolog_subfamily_A_member_3_mitochondr
D.rerio_dnaja3b_DnaJ_heat_shock_protein_family_Hsp40_member_A3b
S.salar_LOC106564522_dnaJ_homolog_subfamily_A_member_3_mitochondr
G.aculeatus_LOC120824608_dnaJ_homolog_subfamily_A_member_3_mitoch
D.rerio_dnaja3b_DnaJ_heat_shock_protein_family_Hsp40_member_A3b
G.gallus_DNAJA2_dnaJ_homolog_subfamily_A_member_2
X.laevis_dnaja2.L_DnaJ_heat_shock_protein_family_Hsp40_member_A2_
X.laevis_dnaja2.S_DnaJ_subfamily_A_member_2
