H.sapiens_DNAJA3_dnaJ_homolog_subfamily_A_member_3_mitochondrial_	100.000	480	0	0	0.0	996	H.sapiens_DNAJA3_dnaJ_homolog_subfamily_A_member_3_mitochondrial_
H.sapiens_DNAJA3_dnaJ_homolog_subfamily_A_member_3_mitochondrial_	100.000	480	0	0	0.0	996	H.sapiens_DNAJA3_dnaJ_homolog_subfamily_A_member_3_mitochondrial_
E.caballus_DNAJA3_dnaJ_homolog_subfamily_A_member_3_mitochondrial	90.890	483	41	1	0.0	898	E.caballus_DNAJA3_dnaJ_homolog_subfamily_A_member_3_mitochondrial
F.catus_DNAJA3_dnaJ_homolog_subfamily_A_member_3_mitochondrial_is	88.125	480	55	1	0.0	868	F.catus_DNAJA3_dnaJ_homolog_subfamily_A_member_3_mitochondrial_is
C.mydas_DNAJA3_dnaJ_homolog_subfamily_A_member_3_mitochondrial_is	77.060	449	92	4	0.0	714	C.mydas_DNAJA3_dnaJ_homolog_subfamily_A_member_3_mitochondrial_is
G.gallus_DNAJA3_dnaJ_homolog_subfamily_A_member_3_mitochondrial_i	71.901	484	112	7	0.0	698	G.gallus_DNAJA3_dnaJ_homolog_subfamily_A_member_3_mitochondrial_i
S.townsendi_DNAJA3_dnaJ_homolog_subfamily_A_member_3_mitochondria	71.162	482	120	7	0.0	680	S.townsendi_DNAJA3_dnaJ_homolog_subfamily_A_member_3_mitochondria
D.rerio_dnaja3a_DnaJ_heat_shock_protein_family_Hsp40_member_A3a	64.549	488	146	7	0.0	649	D.rerio_dnaja3a_DnaJ_heat_shock_protein_family_Hsp40_member_A3a
C.carcharias_LOC121288591_dnaJ_homolog_subfamily_A_member_3_mitoc	71.744	407	109	3	0.0	644	C.carcharias_LOC121288591_dnaJ_homolog_subfamily_A_member_3_mitoc
X.laevis_dnaja3.S_dnaJ_homolog_subfamily_A_member_3_mitochondrial	66.255	486	130	6	0.0	641	X.laevis_dnaja3.S_dnaJ_homolog_subfamily_A_member_3_mitochondrial
X.laevis_dnaja3.L_dnaJ_heat_shock_protein_family_Hsp40_member_A3_	65.909	484	134	5	0.0	633	X.laevis_dnaja3.L_dnaJ_heat_shock_protein_family_Hsp40_member_A3_
D.rerio_dnaja3a_DnaJ_heat_shock_protein_family_Hsp40_member_A3a	66.374	455	132	6	0.0	630	D.rerio_dnaja3a_DnaJ_heat_shock_protein_family_Hsp40_member_A3a
S.salar_dnaja3a_dnaJ_heat_shock_protein_family_Hsp40_member_A3a_i	64.300	493	154	10	0.0	629	S.salar_dnaja3a_dnaJ_heat_shock_protein_family_Hsp40_member_A3a_i
S.salar_LOC106592966_dnaJ_homolog_subfamily_A_member_3_mitochondr	65.272	478	142	9	0.0	622	S.salar_LOC106592966_dnaJ_homolog_subfamily_A_member_3_mitochondr
G.aculeatus_dnaja3a_dnaJ_heat_shock_protein_family_Hsp40_member_A	62.012	487	172	7	0.0	598	G.aculeatus_dnaja3a_dnaJ_heat_shock_protein_family_Hsp40_member_A
S.salar_LOC106590570_dnaJ_homolog_subfamily_A_member_3_mitochondr	66.895	438	120	8	0.0	585	S.salar_LOC106590570_dnaJ_homolog_subfamily_A_member_3_mitochondr
D.rerio_dnaja3b_DnaJ_heat_shock_protein_family_Hsp40_member_A3b	66.051	433	138	5	0.0	583	D.rerio_dnaja3b_DnaJ_heat_shock_protein_family_Hsp40_member_A3b
S.salar_LOC106564522_dnaJ_homolog_subfamily_A_member_3_mitochondr	70.171	409	110	6	0.0	579	S.salar_LOC106564522_dnaJ_homolog_subfamily_A_member_3_mitochondr
G.aculeatus_LOC120824608_dnaJ_homolog_subfamily_A_member_3_mitoch	61.211	446	147	6	0.0	544	G.aculeatus_LOC120824608_dnaJ_homolog_subfamily_A_member_3_mitoch
D.rerio_dnaja3b_DnaJ_heat_shock_protein_family_Hsp40_member_A3b	71.429	231	62	3	5.67e-119	353	D.rerio_dnaja3b_DnaJ_heat_shock_protein_family_Hsp40_member_A3b
G.gallus_DNAJA2_dnaJ_homolog_subfamily_A_member_2	31.921	354	199	14	1.53e-34	136	G.gallus_DNAJA2_dnaJ_homolog_subfamily_A_member_2
X.laevis_dnaja2.L_DnaJ_heat_shock_protein_family_Hsp40_member_A2_	30.288	416	226	17	8.19e-32	129	X.laevis_dnaja2.L_DnaJ_heat_shock_protein_family_Hsp40_member_A2_
X.laevis_dnaja2.S_DnaJ_subfamily_A_member_2	29.927	411	221	17	9.17e-32	129	X.laevis_dnaja2.S_DnaJ_subfamily_A_member_2
C.mydas_DNAJA2_dnaJ_homolog_subfamily_A_member_2	30.726	358	198	14	1.79e-30	125	C.mydas_DNAJA2_dnaJ_homolog_subfamily_A_member_2
C.carcharias_dnaja2a_dnaJ_homolog_subfamily_A_member_2a	29.157	415	236	17	3.91e-30	124	C.carcharias_dnaja2a_dnaJ_homolog_subfamily_A_member_2a
G.gallus_LOC425431_dnaJ_homolog_subfamily_A_member_1_isoform_X1	32.281	285	162	10	2.13e-29	122	G.gallus_LOC425431_dnaJ_homolog_subfamily_A_member_1_isoform_X1
F.catus_DNAJA2_dnaJ_homolog_subfamily_A_member_2	29.888	358	201	14	1.62e-28	119	F.catus_DNAJA2_dnaJ_homolog_subfamily_A_member_2
H.sapiens_DNAJA2_dnaJ_homolog_subfamily_A_member_2	29.888	358	201	14	1.80e-28	119	H.sapiens_DNAJA2_dnaJ_homolog_subfamily_A_member_2
C.mydas_DNAJA1_dnaJ_homolog_subfamily_A_member_1	32.343	303	171	12	2.20e-28	119	C.mydas_DNAJA1_dnaJ_homolog_subfamily_A_member_1
S.salar_LOC106582367_dnaJ_homolog_subfamily_B_member_11	31.186	295	158	8	3.65e-28	117	S.salar_LOC106582367_dnaJ_homolog_subfamily_B_member_11
S.townsendi_DNAJA2_dnaJ_homolog_subfamily_A_member_2	29.888	358	201	14	4.14e-28	118	S.townsendi_DNAJA2_dnaJ_homolog_subfamily_A_member_2
H.sapiens_DNAJA1_dnaJ_homolog_subfamily_A_member_1_isoform_1	30.000	410	221	20	1.11e-27	117	H.sapiens_DNAJA1_dnaJ_homolog_subfamily_A_member_1_isoform_1
F.catus_DNAJA1_dnaJ_homolog_subfamily_A_member_1	30.000	410	221	20	1.11e-27	117	F.catus_DNAJA1_dnaJ_homolog_subfamily_A_member_1
E.caballus_DNAJA1_dnaJ_homolog_subfamily_A_member_1	30.000	410	221	20	1.11e-27	117	E.caballus_DNAJA1_dnaJ_homolog_subfamily_A_member_1
E.caballus_LOC100054696_dnaJ_homolog_subfamily_A_member_1	30.000	410	221	20	1.11e-27	117	E.caballus_LOC100054696_dnaJ_homolog_subfamily_A_member_1
S.salar_LOC106586346_dnaJ_homolog_subfamily_B_member_11like	28.097	331	198	8	1.21e-27	116	S.salar_LOC106586346_dnaJ_homolog_subfamily_B_member_11like
X.laevis_dnaja4.1.L_dnaJ_heat_shock_protein_family_Hsp40_member_A	31.469	286	158	12	1.47e-27	117	X.laevis_dnaja4.1.L_dnaJ_heat_shock_protein_family_Hsp40_member_A
G.aculeatus_dnaja2b_dnaJ_homolog_subfamily_A_member_2b	30.435	414	225	19	1.78e-27	117	G.aculeatus_dnaja2b_dnaJ_homolog_subfamily_A_member_2b
G.aculeatus_LOC120812673_dnaJ_homolog_subfamily_A_member_2like	30.435	414	225	19	1.78e-27	117	G.aculeatus_LOC120812673_dnaJ_homolog_subfamily_A_member_2like
G.aculeatus_dnajb11_dnaJ_homolog_subfamily_B_member_11	27.042	355	217	11	2.00e-27	115	G.aculeatus_dnajb11_dnaJ_homolog_subfamily_B_member_11
X.laevis_dnajb9.L_dnaJ_heat_shock_protein_family_Hsp40_member_B9_	41.818	165	80	5	2.05e-27	112	X.laevis_dnajb9.L_dnaJ_heat_shock_protein_family_Hsp40_member_B9_
D.rerio_dnaja2_dnaJ_homolog_subfamily_A_member_2a	29.187	418	238	17	2.57e-27	116	D.rerio_dnaja2_dnaJ_homolog_subfamily_A_member_2a
X.laevis_dnajb9.S_dnaJ_homolog_subfamily_B_member_9	41.212	165	81	5	4.85e-27	111	X.laevis_dnajb9.S_dnaJ_homolog_subfamily_B_member_9
S.townsendi_DNAJA1_dnaJ_homolog_subfamily_A_member_1	32.680	306	166	13	5.39e-27	115	S.townsendi_DNAJA1_dnaJ_homolog_subfamily_A_member_1
G.gallus_DNAJB11_dnaJ_homolog_subfamily_B_member_11	28.649	370	210	11	1.09e-26	113	G.gallus_DNAJB11_dnaJ_homolog_subfamily_B_member_11
F.catus_LOC101097624_LOW_QUALITY_PROTEIN_dnaJ_homolog_subfamily_A	29.756	410	222	20	2.13e-26	113	F.catus_LOC101097624_LOW_QUALITY_PROTEIN_dnaJ_homolog_subfamily_A
C.carcharias_LOC121276702_dnaJ_homolog_subfamily_A_member_1	31.699	306	170	13	3.15e-26	113	C.carcharias_LOC121276702_dnaJ_homolog_subfamily_A_member_1
C.carcharias_dnajb11_dnaJ_homolog_subfamily_B_member_11	28.779	344	205	10	3.64e-26	112	C.carcharias_dnajb11_dnaJ_homolog_subfamily_B_member_11
C.mydas_DNAJB11_dnaJ_homolog_subfamily_B_member_11	28.099	363	221	10	4.81e-26	112	C.mydas_DNAJB11_dnaJ_homolog_subfamily_B_member_11
X.laevis_dnajb11.L_uncharacterized_protein_LOC100036945	27.989	368	209	13	5.62e-26	111	X.laevis_dnajb11.L_uncharacterized_protein_LOC100036945
X.laevis_dnaja4.2.S_DnaJ_Hsp40_homolog_subfamily_A_member_4_gene_	28.488	344	208	14	7.81e-26	112	X.laevis_dnaja4.2.S_DnaJ_Hsp40_homolog_subfamily_A_member_4_gene_
H.sapiens_DNAJB11_dnaJ_homolog_subfamily_B_member_11_isoform_1_pr	27.507	349	213	10	1.62e-25	110	H.sapiens_DNAJB11_dnaJ_homolog_subfamily_B_member_11_isoform_1_pr
E.caballus_DNAJA4_dnaJ_homolog_subfamily_A_member_4	32.660	297	168	11	1.75e-25	111	E.caballus_DNAJA4_dnaJ_homolog_subfamily_A_member_4
S.salar_LOC106591825_dnaJ_homolog_subfamily_A_member_1	31.475	305	173	12	2.06e-25	110	S.salar_LOC106591825_dnaJ_homolog_subfamily_A_member_1
D.rerio_dnaja_dnaJ_homolog_subfamily_A_member_1	29.508	305	176	13	2.22e-25	110	D.rerio_dnaja_dnaJ_homolog_subfamily_A_member_1
E.caballus_DNAJB11_dnaJ_homolog_subfamily_B_member_11	26.064	376	238	10	2.95e-25	109	E.caballus_DNAJB11_dnaJ_homolog_subfamily_B_member_11
F.catus_DNAJB11_dnaJ_homolog_subfamily_B_member_11	26.776	366	228	10	3.26e-25	109	F.catus_DNAJB11_dnaJ_homolog_subfamily_B_member_11
S.salar_dnja1_DnaJ_homolog_subfamily_A_member_1	31.353	303	172	11	3.70e-25	110	S.salar_dnja1_DnaJ_homolog_subfamily_A_member_1
C.carcharias_LOC121292970_dnaJ_homolog_subfamily_B_member_9like_i	50.000	106	50	2	5.54e-25	105	C.carcharias_LOC121292970_dnaJ_homolog_subfamily_B_member_9like_i
D.rerio_dnaja2l_dnaJ_homolog_subfamily_A_member_2b	28.837	430	229	19	7.36e-25	109	D.rerio_dnaja2l_dnaJ_homolog_subfamily_A_member_2b
C.mydas_LOC102930947_dnaJ_homolog_subfamily_A_member_1	28.324	346	205	13	9.25e-25	108	C.mydas_LOC102930947_dnaJ_homolog_subfamily_A_member_1
S.townsendi_DNAJA4_dnaJ_homolog_subfamily_A_member_4	29.739	306	176	12	1.01e-24	108	S.townsendi_DNAJA4_dnaJ_homolog_subfamily_A_member_4
X.laevis_dnaja1.L_DnaJ_heat_shock_protein_family_Hsp40_member_A1_	30.719	306	174	13	1.45e-24	108	X.laevis_dnaja1.L_DnaJ_heat_shock_protein_family_Hsp40_member_A1_
F.catus_LOC105261088_dnaJ_homolog_subfamily_A_member_1like	32.773	238	127	10	1.91e-24	105	F.catus_LOC105261088_dnaJ_homolog_subfamily_A_member_1like
X.laevis_dnajb11.S_DnaJ_heat_shock_protein_family_Hsp40_member_B1	28.161	348	194	12	1.95e-24	107	X.laevis_dnajb11.S_DnaJ_heat_shock_protein_family_Hsp40_member_B1
G.gallus_DNAJA1_dnaJ_homolog_subfamily_A_member_1_isoform_X1	31.373	306	170	13	2.65e-24	107	G.gallus_DNAJA1_dnaJ_homolog_subfamily_A_member_1_isoform_X1
X.laevis_dnaja1.S_dnaJ_homolog_subfamily_A_member_1	30.769	286	161	12	3.49e-24	107	X.laevis_dnaja1.S_dnaJ_homolog_subfamily_A_member_1
G.aculeatus_dnaja1_dnaJ_homolog_subfamily_A_member_1	29.085	306	183	11	5.82e-24	106	G.aculeatus_dnaja1_dnaJ_homolog_subfamily_A_member_1
H.sapiens_DNAJB5_dnaJ_homolog_subfamily_B_member_5_isoform_1	30.170	411	235	17	5.97e-24	106	H.sapiens_DNAJB5_dnaJ_homolog_subfamily_B_member_5_isoform_1
E.caballus_DNAJB5_LOW_QUALITY_PROTEIN_dnaJ_homolog_subfamily_B_me	30.052	386	223	16	6.45e-24	107	E.caballus_DNAJB5_LOW_QUALITY_PROTEIN_dnaJ_homolog_subfamily_B_me
S.salar_dnaja2b_dnaJ_homolog_subfamily_A_member_2b	28.941	425	221	19	7.25e-24	106	S.salar_dnaja2b_dnaJ_homolog_subfamily_A_member_2b
G.aculeatus_dnaja2a_dnaJ_homolog_subfamily_A_member_2a	28.052	385	215	16	1.03e-23	105	G.aculeatus_dnaja2a_dnaJ_homolog_subfamily_A_member_2a
C.carcharias_LOC121272132_dnaJ_homolog_subfamily_A_member_4like	30.392	306	174	13	1.22e-23	105	C.carcharias_LOC121272132_dnaJ_homolog_subfamily_A_member_4like
F.catus_LOC101092886_LOW_QUALITY_PROTEIN_dnaJ_homolog_subfamily_A	29.491	373	210	17	1.33e-23	105	F.catus_LOC101092886_LOW_QUALITY_PROTEIN_dnaJ_homolog_subfamily_A
F.catus_DNAJB5_dnaJ_homolog_subfamily_B_member_5_isoform_X3	30.423	378	216	16	1.38e-23	105	F.catus_DNAJB5_dnaJ_homolog_subfamily_B_member_5_isoform_X3
S.salar_LOC106561246_dnaJ_homolog_subfamily_A_member_2like	28.706	425	222	19	1.48e-23	105	S.salar_LOC106561246_dnaJ_homolog_subfamily_A_member_2like
D.rerio_dnaja1_dnaJ_homolog_subfamily_A_member_1	27.326	344	206	15	1.61e-23	105	D.rerio_dnaja1_dnaJ_homolog_subfamily_A_member_1
S.salar_dnaja_dnaJ_homolog_subfamily_A_member_4	30.492	305	174	12	2.93e-23	104	S.salar_dnaja_dnaJ_homolog_subfamily_A_member_4
G.aculeatus_dnaja_dnaJ_homolog_subfamily_A_member_4	29.010	293	170	11	3.23e-23	104	G.aculeatus_dnaja_dnaJ_homolog_subfamily_A_member_4
S.salar_LOC106561997_dnaJ_homolog_subfamily_A_member_2	27.500	440	233	19	4.29e-23	104	S.salar_LOC106561997_dnaJ_homolog_subfamily_A_member_2
G.gallus_DNAJA4_dnaJ_homolog_subfamily_A_member_4_isoform_X1	30.314	287	162	12	4.98e-23	103	G.gallus_DNAJA4_dnaJ_homolog_subfamily_A_member_4_isoform_X1
S.salar_LOC106576066_dnaJ_homolog_subfamily_B_member_9like	47.788	113	51	5	7.02e-23	99.8	S.salar_LOC106576066_dnaJ_homolog_subfamily_B_member_9like
S.salar_LOC100286703_LOW_QUALITY_PROTEIN_dnaJ_homolog_subfamily_A	28.000	400	216	18	7.25e-23	103	S.salar_LOC100286703_LOW_QUALITY_PROTEIN_dnaJ_homolog_subfamily_A
G.gallus_DNAJB9_dnaJ_homolog_subfamily_B_member_9_precursor	47.368	114	54	4	1.01e-22	99.0	G.gallus_DNAJB9_dnaJ_homolog_subfamily_B_member_9_precursor
D.rerio_dnajb11_dnaJ_homolog_subfamily_B_member_11_precursor	49.038	104	53	0	1.39e-22	102	D.rerio_dnajb11_dnaJ_homolog_subfamily_B_member_11_precursor
F.catus_LOC102900016_LOW_QUALITY_PROTEIN_dnaJ_homolog_subfamily_A	30.547	311	183	12	1.57e-22	102	F.catus_LOC102900016_LOW_QUALITY_PROTEIN_dnaJ_homolog_subfamily_A
S.townsendi_DNAJB9_dnaJ_homolog_subfamily_B_member_9	62.162	74	27	1	1.87e-22	98.2	S.townsendi_DNAJB9_dnaJ_homolog_subfamily_B_member_9
H.sapiens_DNAJA4_dnaJ_homolog_subfamily_A_member_4_isoform_X2	31.208	298	161	11	1.91e-22	102	H.sapiens_DNAJA4_dnaJ_homolog_subfamily_A_member_4_isoform_X2
D.rerio_dnajb9a_dnaJ_homolog_subfamily_B_member_9_isoform_X1	56.410	78	33	1	2.97e-22	97.8	D.rerio_dnajb9a_dnaJ_homolog_subfamily_B_member_9_isoform_X1
D.rerio_dnajb6b_dnaJ_homolog_subfamily_B_member_6_isoform_X2	47.321	112	56	2	4.01e-22	98.2	D.rerio_dnajb6b_dnaJ_homolog_subfamily_B_member_6_isoform_X2
S.salar_LOC106573082_dnaJ_homolog_subfamily_B_member_9	46.226	106	49	3	5.05e-22	97.1	S.salar_LOC106573082_dnaJ_homolog_subfamily_B_member_9
S.townsendi_LOC125439959_dnaJ_homolog_subfamily_A_member_1like	27.723	303	192	9	7.48e-22	100	S.townsendi_LOC125439959_dnaJ_homolog_subfamily_A_member_1like
C.mydas_DNAJB9_dnaJ_homolog_subfamily_B_member_9	61.644	73	27	1	8.21e-22	96.7	C.mydas_DNAJB9_dnaJ_homolog_subfamily_B_member_9
D.rerio_dnajb6b_dnaJ_homolog_subfamily_B_member_6_isoform_X2	47.321	112	56	2	8.71e-22	98.6	D.rerio_dnajb6b_dnaJ_homolog_subfamily_B_member_6_isoform_X2
E.caballus_DNAJA2_dnaJ_homolog_subfamily_A_member_2_isoform_X2	28.529	333	188	14	1.13e-21	100	E.caballus_DNAJA2_dnaJ_homolog_subfamily_A_member_2_isoform_X2
D.rerio_dnajb5_dnaJ_homolog_subfamily_B_member_5_isoform_X1	29.839	372	207	15	1.20e-21	99.4	D.rerio_dnajb5_dnaJ_homolog_subfamily_B_member_5_isoform_X1
D.rerio_dnajb5_dnaJ_homolog_subfamily_B_member_5_isoform_X1	29.839	372	207	15	1.20e-21	99.4	D.rerio_dnajb5_dnaJ_homolog_subfamily_B_member_5_isoform_X1
S.salar_LOC106609232_dnaJ_homolog_subfamily_B_member_9	46.491	114	53	5	1.43e-21	95.9	S.salar_LOC106609232_dnaJ_homolog_subfamily_B_member_9
D.rerio_dnajb9b_uncharacterized_protein_LOC554091_precursor	47.475	99	47	2	2.12e-21	95.1	D.rerio_dnajb9b_uncharacterized_protein_LOC554091_precursor
D.rerio_dnajb6a_dnaJ_homolog_subfamily_B_member_6a	50.000	112	51	4	3.61e-21	97.1	D.rerio_dnajb6a_dnaJ_homolog_subfamily_B_member_6a
G.gallus_DNAJB5_dnaJ_homolog_subfamily_B_member_5_isoform_X1	28.926	363	213	13	3.82e-21	97.8	G.gallus_DNAJB5_dnaJ_homolog_subfamily_B_member_5_isoform_X1
X.laevis_LOC121399020_dnaJ_homolog_subfamily_A_member_1like	28.521	284	169	9	5.41e-21	97.1	X.laevis_LOC121399020_dnaJ_homolog_subfamily_A_member_1like
X.laevis_LOC121399461_dnaJ_homolog_subfamily_A_member_4like_isofo	28.521	284	169	9	7.13e-21	97.4	X.laevis_LOC121399461_dnaJ_homolog_subfamily_A_member_4like_isofo
H.sapiens_DNAJB9_dnaJ_homolog_subfamily_B_member_9_precursor	46.903	113	51	4	7.67e-21	94.0	H.sapiens_DNAJB9_dnaJ_homolog_subfamily_B_member_9_precursor
E.caballus_DNAJB9_dnaJ_homolog_subfamily_B_member_9	54.321	81	36	1	8.69e-21	94.0	E.caballus_DNAJB9_dnaJ_homolog_subfamily_B_member_9
G.gallus_DNAJB1_dnaJ_homolog_subfamily_B_member_1_isoform_X2	28.571	357	204	14	1.04e-20	96.3	G.gallus_DNAJB1_dnaJ_homolog_subfamily_B_member_1_isoform_X2
S.townsendi_DNAJB1_dnaJ_homolog_subfamily_B_member_1	28.977	352	187	14	1.10e-20	95.9	S.townsendi_DNAJB1_dnaJ_homolog_subfamily_B_member_1
X.laevis_LOC121399460_dnaJ_homolog_subfamily_A_member_4like_isofo	28.521	284	169	9	1.10e-20	97.1	X.laevis_LOC121399460_dnaJ_homolog_subfamily_A_member_4like_isofo
F.catus_DNAJB9_dnaJ_homolog_subfamily_B_member_9	54.321	81	36	1	1.12e-20	93.6	F.catus_DNAJB9_dnaJ_homolog_subfamily_B_member_9
S.salar_dnajb5_dnaJ_homolog_subfamily_B_member_5	28.647	377	211	15	1.14e-20	96.7	S.salar_dnajb5_dnaJ_homolog_subfamily_B_member_5
S.salar_LOC106561648_dnaJ_homolog_subfamily_B_member_9	45.455	110	54	2	1.23e-20	93.2	S.salar_LOC106561648_dnaJ_homolog_subfamily_B_member_9
C.mydas_DNAJA4_dnaJ_homolog_subfamily_A_member_4	29.021	286	165	12	1.23e-20	96.7	C.mydas_DNAJA4_dnaJ_homolog_subfamily_A_member_4
F.catus_DNAJB3_dnaJ_homolog_subfamily_B_member_3	46.218	119	49	4	1.24e-20	94.0	F.catus_DNAJB3_dnaJ_homolog_subfamily_B_member_3
C.mydas_DNAJB1_dnaJ_homolog_subfamily_B_member_1	27.548	363	199	13	1.41e-20	95.9	C.mydas_DNAJB1_dnaJ_homolog_subfamily_B_member_1
G.aculeatus_dnajb9a_dnaJ_homolog_subfamily_B_member_9a	52.500	80	36	2	1.56e-20	92.8	G.aculeatus_dnajb9a_dnaJ_homolog_subfamily_B_member_9a
E.caballus_DNAJB3_dnaJ_homolog_subfamily_B_member_3	47.826	115	53	3	2.52e-20	92.8	E.caballus_DNAJB3_dnaJ_homolog_subfamily_B_member_3
X.laevis_dnajb2.L_dnaJ_heat_shock_protein_family_Hsp40_member_B2_	45.161	124	60	4	4.67e-20	93.2	X.laevis_dnajb2.L_dnaJ_heat_shock_protein_family_Hsp40_member_B2_
G.aculeatus_LOC120817997_dnaJ_homolog_subfamily_B_member_9like	58.571	70	28	1	4.70e-20	91.7	G.aculeatus_LOC120817997_dnaJ_homolog_subfamily_B_member_9like
C.carcharias_LOC121271330_dnaJ_homolog_subfamily_B_member_1like	28.367	349	205	14	1.45e-19	92.8	C.carcharias_LOC121271330_dnaJ_homolog_subfamily_B_member_1like
S.salar_LOC106578614_dnaJ_homolog_subfamily_B_member_6like_isofor	50.000	106	46	3	1.67e-19	90.9	S.salar_LOC106578614_dnaJ_homolog_subfamily_B_member_6like_isofor
C.carcharias_dnajb6b_dnaJ_homolog_subfamily_B_member_6b_isoform_X	51.961	102	46	3	2.86e-19	91.7	C.carcharias_dnajb6b_dnaJ_homolog_subfamily_B_member_6b_isoform_X
G.aculeatus_dnajb6a_dnaJ_homolog_subfamily_B_member_6a	43.590	117	55	4	3.00e-19	90.5	G.aculeatus_dnajb6a_dnaJ_homolog_subfamily_B_member_6a
C.mydas_DNAJB5_dnaJ_homolog_subfamily_B_member_5_isoform_X1	28.291	357	213	13	3.11e-19	92.8	C.mydas_DNAJB5_dnaJ_homolog_subfamily_B_member_5_isoform_X1
C.carcharias_dnajb13_dnaJ_homolog_subfamily_B_member_13_isoform_X	28.249	354	188	13	4.94e-19	90.9	C.carcharias_dnajb13_dnaJ_homolog_subfamily_B_member_13_isoform_X
S.townsendi_DNAJB5_dnaJ_homolog_subfamily_B_member_5_isoform_X2	28.533	368	199	16	5.40e-19	91.7	S.townsendi_DNAJB5_dnaJ_homolog_subfamily_B_member_5_isoform_X2
S.salar_LOC106569754_dnaJ_homolog_subfamily_B_member_4like	27.596	366	203	15	5.44e-19	91.3	S.salar_LOC106569754_dnaJ_homolog_subfamily_B_member_4like
H.sapiens_DNAJB2_dnaJ_homolog_subfamily_B_member_2_isoform_a	46.281	121	51	5	5.90e-19	90.9	H.sapiens_DNAJB2_dnaJ_homolog_subfamily_B_member_2_isoform_a
S.salar_LOC106580287_LOW_QUALITY_PROTEIN_dnaJ_homolog_subfamily_B	25.581	387	213	13	8.00e-19	90.9	S.salar_LOC106580287_LOW_QUALITY_PROTEIN_dnaJ_homolog_subfamily_B
S.townsendi_DNAJB6_dnaJ_homolog_subfamily_B_member_6	51.485	101	47	2	9.01e-19	88.6	S.townsendi_DNAJB6_dnaJ_homolog_subfamily_B_member_6
X.laevis_dnajb4.S_DnaJ_heat_shock_protein_family_Hsp40_member_B4_	27.195	353	214	10	9.13e-19	90.5	X.laevis_dnajb4.S_DnaJ_heat_shock_protein_family_Hsp40_member_B4_
C.carcharias_dnajb5_dnaJ_homolog_subfamily_B_member_5	27.933	358	217	13	9.48e-19	90.5	C.carcharias_dnajb5_dnaJ_homolog_subfamily_B_member_5
S.townsendi_LOC125427493_dnaJ_homolog_subfamily_B_member_2like_is	48.739	119	45	6	1.07e-18	89.7	S.townsendi_LOC125427493_dnaJ_homolog_subfamily_B_member_2like_is
C.mydas_DNAJB12_dnaJ_homolog_subfamily_B_member_12_isoform_X1	47.059	102	51	2	1.43e-18	90.5	C.mydas_DNAJB12_dnaJ_homolog_subfamily_B_member_12_isoform_X1
X.laevis_dnajb6.L_dnaJ_homolog_subfamily_B_member_6A_isoform_X2	46.602	103	51	2	1.65e-18	89.7	X.laevis_dnajb6.L_dnaJ_homolog_subfamily_B_member_6A_isoform_X2
H.sapiens_DNAJB7_dnaJ_homolog_subfamily_B_member_7	43.243	111	62	1	1.71e-18	89.4	H.sapiens_DNAJB7_dnaJ_homolog_subfamily_B_member_7
S.townsendi_DNAJB11_LOW_QUALITY_PROTEIN_dnaJ_homolog_subfamily_B_	27.200	375	222	13	1.73e-18	90.1	S.townsendi_DNAJB11_LOW_QUALITY_PROTEIN_dnaJ_homolog_subfamily_B_
G.aculeatus_dnajb1a_dnaJ_homolog_subfamily_B_member_1a	28.409	352	198	13	2.55e-18	89.4	G.aculeatus_dnajb1a_dnaJ_homolog_subfamily_B_member_1a
G.aculeatus_dnajb6b_dnaJ_homolog_subfamily_B_member_6b	42.975	121	55	4	2.87e-18	89.0	G.aculeatus_dnajb6b_dnaJ_homolog_subfamily_B_member_6b
F.catus_DNAJB8_dnaJ_homolog_subfamily_B_member_8	44.068	118	62	3	3.12e-18	86.7	F.catus_DNAJB8_dnaJ_homolog_subfamily_B_member_8
E.caballus_DNAJB7_dnaJ_homolog_subfamily_B_member_7	44.643	112	60	2	3.29e-18	88.6	E.caballus_DNAJB7_dnaJ_homolog_subfamily_B_member_7
G.gallus_DNAJB12_dnaJ_homolog_subfamily_B_member_12_isoform_X2	47.059	102	51	2	5.35e-18	89.4	G.gallus_DNAJB12_dnaJ_homolog_subfamily_B_member_12_isoform_X2
C.carcharias_dnajb2_dnaJ_homolog_subfamily_B_member_2_isoform_X4	43.750	112	42	3	6.09e-18	88.2	C.carcharias_dnajb2_dnaJ_homolog_subfamily_B_member_2_isoform_X4
S.salar_dnajb13_dnaJ_homolog_subfamily_B_member_13_isoform_X1	43.860	114	57	4	6.56e-18	87.8	S.salar_dnajb13_dnaJ_homolog_subfamily_B_member_13_isoform_X1
S.townsendi_DNAJB4_dnaJ_homolog_subfamily_B_member_4	29.102	323	185	11	7.11e-18	87.8	S.townsendi_DNAJB4_dnaJ_homolog_subfamily_B_member_4
X.laevis_dnajb4.L_dnaJ_homolog_subfamily_B_member_4	26.923	364	203	12	7.70e-18	87.8	X.laevis_dnajb4.L_dnaJ_homolog_subfamily_B_member_4
S.salar_LOC106569232_dnaJ_homolog_subfamily_B_member_6	49.138	116	50	4	8.45e-18	87.8	S.salar_LOC106569232_dnaJ_homolog_subfamily_B_member_6
G.gallus_DNAJB6_dnaJ_homolog_subfamily_B_member_6_isoform_X1	46.602	103	51	3	1.07e-17	87.0	G.gallus_DNAJB6_dnaJ_homolog_subfamily_B_member_6_isoform_X1
S.salar_LOC106564265_dnaJ_homolog_subfamily_B_member_1_isoform_X2	27.966	354	206	12	1.20e-17	87.4	S.salar_LOC106564265_dnaJ_homolog_subfamily_B_member_1_isoform_X2
H.sapiens_DNAJB8_dnaJ_homolog_subfamily_B_member_8	43.220	118	63	3	1.78e-17	84.7	H.sapiens_DNAJB8_dnaJ_homolog_subfamily_B_member_8
S.salar_LOC106586922_dnaJ_homolog_subfamily_B_member_6like	44.762	105	52	2	2.17e-17	86.3	S.salar_LOC106586922_dnaJ_homolog_subfamily_B_member_6like
F.catus_DNAJB1_dnaJ_homolog_subfamily_B_member_1_isoform_X1	27.887	355	211	11	2.38e-17	86.3	F.catus_DNAJB1_dnaJ_homolog_subfamily_B_member_1_isoform_X1
H.sapiens_DNAJB1_dnaJ_homolog_subfamily_B_member_1_isoform_1	29.050	358	203	13	2.42e-17	86.3	H.sapiens_DNAJB1_dnaJ_homolog_subfamily_B_member_1_isoform_1
S.townsendi_DNAJB12_dnaJ_homolog_subfamily_B_member_12_isoform_X1	47.059	102	51	2	2.85e-17	86.7	S.townsendi_DNAJB12_dnaJ_homolog_subfamily_B_member_12_isoform_X1
E.caballus_DNAJB2_dnaJ_homolog_subfamily_B_member_2_isoform_X2	43.478	115	56	3	2.88e-17	85.9	E.caballus_DNAJB2_dnaJ_homolog_subfamily_B_member_2_isoform_X2
C.carcharias_dnajb4_dnaJ_homolog_subfamily_B_member_4	27.577	359	207	15	2.90e-17	85.9	C.carcharias_dnajb4_dnaJ_homolog_subfamily_B_member_4
F.catus_DNAJC16_dnaJ_homolog_subfamily_C_member_16_isoform_X1	55.128	78	34	1	3.59e-17	87.8	F.catus_DNAJC16_dnaJ_homolog_subfamily_C_member_16_isoform_X1
S.salar_zgc:152986_dnaJ_homolog_subfamily_B_member_9	41.748	103	53	2	3.60e-17	83.2	S.salar_zgc:152986_dnaJ_homolog_subfamily_B_member_9
E.caballus_DNAJB6_dnaJ_homolog_subfamily_B_member_6_isoform_X1	50.485	103	47	3	4.03e-17	85.5	E.caballus_DNAJB6_dnaJ_homolog_subfamily_B_member_6_isoform_X1
C.mydas_LOC102935035_dnaJ_homolog_subfamily_B_member_2_isoform_X2	47.706	109	43	5	4.19e-17	84.7	C.mydas_LOC102935035_dnaJ_homolog_subfamily_B_member_2_isoform_X2
X.laevis_dnajb6.S_dnaJ_homolog_subfamily_B_member_6B_isoform_X2	45.614	114	57	3	4.63e-17	85.5	X.laevis_dnajb6.S_dnaJ_homolog_subfamily_B_member_6B_isoform_X2
G.gallus_DNAJB2_dnaJ_homolog_subfamily_B_member_2_isoform_X2	43.846	130	54	6	4.82e-17	85.1	G.gallus_DNAJB2_dnaJ_homolog_subfamily_B_member_2_isoform_X2
F.catus_DNAJB2_dnaJ_homolog_subfamily_B_member_2_isoform_X2	44.628	121	53	4	6.19e-17	84.7	F.catus_DNAJB2_dnaJ_homolog_subfamily_B_member_2_isoform_X2
D.rerio_dnajb1b_dnaJ_homolog_subfamily_B_member_1b	26.331	357	210	12	6.71e-17	84.7	D.rerio_dnajb1b_dnaJ_homolog_subfamily_B_member_1b
E.caballus_DNAJB8_dnaJ_homolog_subfamily_B_member_8	44.860	107	57	2	6.87e-17	82.8	E.caballus_DNAJB8_dnaJ_homolog_subfamily_B_member_8
C.mydas_DNAJC10_dnaJ_homolog_subfamily_C_member_10_isoform_X1	44.048	84	47	0	7.48e-17	87.0	C.mydas_DNAJC10_dnaJ_homolog_subfamily_C_member_10_isoform_X1
E.caballus_LOC106783224_dnaJ_homolog_subfamily_B_member_6	60.938	64	24	1	7.53e-17	82.4	E.caballus_LOC106783224_dnaJ_homolog_subfamily_B_member_6
D.rerio_dnajc10_dnaJ_homolog_subfamily_C_member_10	34.328	134	73	2	8.04e-17	86.7	D.rerio_dnajc10_dnaJ_homolog_subfamily_C_member_10
C.mydas_DNAJB6_dnaJ_homolog_subfamily_B_member_6_isoform_X3	51.456	103	46	3	8.49e-17	84.3	C.mydas_DNAJB6_dnaJ_homolog_subfamily_B_member_6_isoform_X3
C.carcharias_dnajc16_dnaJ_homolog_subfamily_C_member_16_isoform_X	52.439	82	37	2	8.69e-17	86.7	C.carcharias_dnajc16_dnaJ_homolog_subfamily_C_member_16_isoform_X
H.sapiens_DNAJB6_dnaJ_homolog_subfamily_B_member_6_isoform_a	50.485	103	47	3	9.60e-17	84.3	H.sapiens_DNAJB6_dnaJ_homolog_subfamily_B_member_6_isoform_a
S.salar_dnajc5gb_dnaJ_Hsp40_homolog_subfamily_C_member_5_gamma_b	54.412	68	31	0	9.72e-17	81.6	S.salar_dnajc5gb_dnaJ_Hsp40_homolog_subfamily_C_member_5_gamma_b
H.sapiens_DNAJC16_dnaJ_homolog_subfamily_C_member_16_isoform_1_pr	59.420	69	27	1	9.97e-17	86.3	H.sapiens_DNAJC16_dnaJ_homolog_subfamily_C_member_16_isoform_1_pr
D.rerio_dnajb13_dnaJ_homolog_subfamily_B_member_13	26.136	352	195	12	1.14e-16	84.0	D.rerio_dnajb13_dnaJ_homolog_subfamily_B_member_13
G.gallus_DNAJC10_dnaJ_homolog_subfamily_C_member_10	45.783	83	45	0	1.19e-16	86.3	G.gallus_DNAJC10_dnaJ_homolog_subfamily_C_member_10
E.caballus_DNAJC16_dnaJ_homolog_subfamily_C_member_16	59.420	69	27	1	1.21e-16	86.3	E.caballus_DNAJC16_dnaJ_homolog_subfamily_C_member_16
F.catus_DNAJB7_LOW_QUALITY_PROTEIN_dnaJ_homolog_subfamily_B_membe	42.342	111	63	1	1.51e-16	83.6	F.catus_DNAJB7_LOW_QUALITY_PROTEIN_dnaJ_homolog_subfamily_B_membe
S.townsendi_DNAJC10_dnaJ_homolog_subfamily_C_member_10	44.706	85	47	0	1.63e-16	85.9	S.townsendi_DNAJC10_dnaJ_homolog_subfamily_C_member_10
F.catus_DNAJB6_dnaJ_homolog_subfamily_B_member_6_isoform_X1	45.763	118	60	2	1.97e-16	84.0	F.catus_DNAJB6_dnaJ_homolog_subfamily_B_member_6_isoform_X1
D.rerio_dnajb4_dnaJ_homolog_subfamily_B_member_4	28.490	351	213	12	2.10e-16	83.6	D.rerio_dnajb4_dnaJ_homolog_subfamily_B_member_4
G.aculeatus_dnajc10_dnaJ_homolog_subfamily_C_member_10	31.034	174	89	3	2.12e-16	85.5	G.aculeatus_dnajc10_dnaJ_homolog_subfamily_C_member_10
E.caballus_DNAJB1_dnaJ_homolog_subfamily_B_member_1	28.371	356	209	12	2.28e-16	83.6	E.caballus_DNAJB1_dnaJ_homolog_subfamily_B_member_1
S.salar_dnjb6_DnaJ_homolog_subfamily_B_member_6	46.552	116	53	3	2.82e-16	83.2	S.salar_dnjb6_DnaJ_homolog_subfamily_B_member_6
X.laevis_dnajc10.L_dnaJ_homolog_subfamily_C_member_10like	37.209	129	67	2	3.05e-16	85.1	X.laevis_dnajc10.L_dnaJ_homolog_subfamily_C_member_10like
G.aculeatus_dnajb13_dnaJ_homolog_subfamily_B_member_13_isoform_X1	25.905	359	184	12	3.19e-16	82.4	G.aculeatus_dnajb13_dnaJ_homolog_subfamily_B_member_13_isoform_X1
H.sapiens_DNAJB12_dnaJ_homolog_subfamily_B_member_12_isoform_2	46.078	102	52	2	3.51e-16	83.2	H.sapiens_DNAJB12_dnaJ_homolog_subfamily_B_member_12_isoform_2
G.aculeatus_dnajb2_dnaJ_homolog_subfamily_B_member_2_isoform_X2	45.614	114	55	4	3.72e-16	83.6	G.aculeatus_dnajb2_dnaJ_homolog_subfamily_B_member_2_isoform_X2
G.gallus_DNAJC16_dnaJ_homolog_subfamily_C_member_16_precursor	53.846	78	35	1	4.06e-16	84.3	G.gallus_DNAJC16_dnaJ_homolog_subfamily_C_member_16_precursor
E.caballus_DNAJB12_dnaJ_homolog_subfamily_B_member_12_isoform_X1	46.078	102	52	2	4.08e-16	83.6	E.caballus_DNAJB12_dnaJ_homolog_subfamily_B_member_12_isoform_X1
S.townsendi_DNAJB8_dnaJ_homolog_subfamily_B_member_8	41.129	124	50	3	4.37e-16	80.5	S.townsendi_DNAJB8_dnaJ_homolog_subfamily_B_member_8
F.catus_DNAJB12_dnaJ_homolog_subfamily_B_member_12_isoform_X2	46.078	102	52	2	4.39e-16	82.8	F.catus_DNAJB12_dnaJ_homolog_subfamily_B_member_12_isoform_X2
S.salar_LOC106603280_dnaJ_homolog_subfamily_C_member_5B	54.412	68	31	0	4.43e-16	79.3	S.salar_LOC106603280_dnaJ_homolog_subfamily_C_member_5B
G.aculeatus_dnajb4_dnaJ_homolog_subfamily_B_member_4	25.620	363	209	14	4.57e-16	82.4	G.aculeatus_dnajb4_dnaJ_homolog_subfamily_B_member_4
C.carcharias_dnajb12a_dnaJ_homolog_subfamily_B_member_12a	43.396	106	49	4	4.72e-16	82.8	C.carcharias_dnajb12a_dnaJ_homolog_subfamily_B_member_12a
F.catus_DNAJB4_dnaJ_homolog_subfamily_B_member_4_isoform_X1	56.338	71	30	1	5.09e-16	82.4	F.catus_DNAJB4_dnaJ_homolog_subfamily_B_member_4_isoform_X1
X.laevis_dnajb1.L_dnaJ_homolog_subfamily_B_member_1	58.209	67	27	1	5.18e-16	82.4	X.laevis_dnajb1.L_dnaJ_homolog_subfamily_B_member_1
D.rerio_dnajb1a_dnaJ_homolog_subfamily_B_member_1a	46.078	102	49	3	5.22e-16	82.4	D.rerio_dnajb1a_dnaJ_homolog_subfamily_B_member_1a
C.mydas_DNAJB4_dnaJ_homolog_subfamily_B_member_4_isoform_X1	26.829	369	227	11	5.42e-16	82.8	C.mydas_DNAJB4_dnaJ_homolog_subfamily_B_member_4_isoform_X1
G.aculeatus_dnajb12a_dnaJ_homolog_subfamily_B_member_12a_isoform_	43.000	100	53	2	5.70e-16	82.4	G.aculeatus_dnajb12a_dnaJ_homolog_subfamily_B_member_12a_isoform_
X.laevis_dnajb5.S_dnaJ_heat_shock_protein_family_Hsp40_member_B5_	56.338	71	30	1	5.84e-16	82.8	X.laevis_dnajb5.S_dnaJ_heat_shock_protein_family_Hsp40_member_B5_
X.laevis_dnajb5.L_dnaJ_homolog_subfamily_B_member_5_isoform_X1	56.338	71	30	1	5.84e-16	82.8	X.laevis_dnajb5.L_dnaJ_homolog_subfamily_B_member_5_isoform_X1
G.gallus_DNAJC5_dnaJ_homolog_subfamily_C_member_5	49.296	71	36	0	6.30e-16	79.3	G.gallus_DNAJC5_dnaJ_homolog_subfamily_C_member_5
G.aculeatus_LOC120816554_dnaJ_homolog_subfamily_C_member_5like_is	31.724	145	80	3	6.32e-16	80.5	G.aculeatus_LOC120816554_dnaJ_homolog_subfamily_C_member_5like_is
C.mydas_LOC102934802_dnaJ_homolog_subfamily_B_member_6like	43.333	120	49	6	6.79e-16	82.8	C.mydas_LOC102934802_dnaJ_homolog_subfamily_B_member_6like
S.salar_dnajb12a_dnaJ_homolog_subfamily_B_member_12a	42.000	100	57	1	6.87e-16	82.4	S.salar_dnajb12a_dnaJ_homolog_subfamily_B_member_12a
S.townsendi_DNAJC5G_dnaJ_homolog_subfamily_C_member_5G	53.425	73	34	0	6.98e-16	79.0	S.townsendi_DNAJC5G_dnaJ_homolog_subfamily_C_member_5G
E.caballus_DNAJB4_dnaJ_homolog_subfamily_B_member_4_isoform_X1	56.338	71	30	1	7.24e-16	81.6	E.caballus_DNAJB4_dnaJ_homolog_subfamily_B_member_4_isoform_X1
S.salar_LOC106562932_dnaJ_homolog_subfamily_B_member_5	24.513	359	223	14	7.33e-16	82.4	S.salar_LOC106562932_dnaJ_homolog_subfamily_B_member_5
C.carcharias_dnajc5b_dnaJ_homolog_subfamily_C_member_5B	52.113	71	34	0	7.99e-16	79.0	C.carcharias_dnajc5b_dnaJ_homolog_subfamily_C_member_5B
H.sapiens_DNAJB4_dnaJ_homolog_subfamily_B_member_4_isoform_b	56.338	71	30	1	9.21e-16	81.6	H.sapiens_DNAJB4_dnaJ_homolog_subfamily_B_member_4_isoform_b
X.laevis_dnajc5.S_dnaJ_homolog_subfamily_C_member_5_isoform_X1	49.296	71	36	0	9.89e-16	78.6	X.laevis_dnajc5.S_dnaJ_homolog_subfamily_C_member_5_isoform_X1
E.caballus_DNAJB13_dnaJ_homolog_subfamily_B_member_13_isoform_X3	42.975	121	57	6	1.00e-15	82.4	E.caballus_DNAJB13_dnaJ_homolog_subfamily_B_member_13_isoform_X3
X.laevis_dnajc10.S_dnaJ_homolog_subfamily_C_member_10_precursor	48.193	83	42	1	1.03e-15	83.2	X.laevis_dnajc10.S_dnaJ_homolog_subfamily_C_member_10_precursor
D.rerio_dnajc5gb_DnaJ_Hsp40_homolog_subfamily_C_member_5_gamma_b	50.685	73	36	0	1.06e-15	79.0	D.rerio_dnajc5gb_DnaJ_Hsp40_homolog_subfamily_C_member_5_gamma_b
D.rerio_dnajc5gb_DnaJ_Hsp40_homolog_subfamily_C_member_5_gamma_b	50.685	73	36	0	1.06e-15	79.0	D.rerio_dnajc5gb_DnaJ_Hsp40_homolog_subfamily_C_member_5_gamma_b
G.aculeatus_dnajc5gb_dnaJ_Hsp40_homolog_subfamily_C_member_5_gamm	52.055	73	35	0	1.07e-15	78.6	G.aculeatus_dnajc5gb_dnaJ_Hsp40_homolog_subfamily_C_member_5_gamm
C.mydas_LOC102934583_dnaJ_homolog_subfamily_B_member_2	42.056	107	49	4	1.09e-15	77.4	C.mydas_LOC102934583_dnaJ_homolog_subfamily_B_member_2
S.salar_djc18_dnaJ_homolog_subfamily_C_member_18_isoform_X1	40.952	105	56	2	1.10e-15	82.0	S.salar_djc18_dnaJ_homolog_subfamily_C_member_18_isoform_X1
X.laevis_dnajb12.L_dnaJ_homolog_subfamily_B_member_12	44.118	102	52	3	1.14e-15	81.6	X.laevis_dnajb12.L_dnaJ_homolog_subfamily_B_member_12
F.catus_DNAJC5_dnaJ_homolog_subfamily_C_member_5	47.887	71	37	0	1.25e-15	78.6	F.catus_DNAJC5_dnaJ_homolog_subfamily_C_member_5
C.carcharias_LOC121286855_dnaJ_homolog_subfamily_C_member_5	49.296	71	36	0	1.30e-15	78.2	C.carcharias_LOC121286855_dnaJ_homolog_subfamily_C_member_5
G.gallus_DNAJB4_dnaJ_homolog_subfamily_B_member_4	56.338	71	30	1	1.32e-15	81.3	G.gallus_DNAJB4_dnaJ_homolog_subfamily_B_member_4
C.mydas_DNAJC16_dnaJ_homolog_subfamily_C_member_16_isoform_X2	54.795	73	32	1	1.35e-15	82.8	C.mydas_DNAJC16_dnaJ_homolog_subfamily_C_member_16_isoform_X2
E.caballus_DNAJC5B_dnaJ_homolog_subfamily_C_member_5B_isoform_X2	52.113	71	34	0	1.36e-15	79.0	E.caballus_DNAJC5B_dnaJ_homolog_subfamily_C_member_5B_isoform_X2
X.laevis_dnajc5g.S_dnaJ_homolog_subfamily_C_member_5	54.412	68	31	0	1.39e-15	77.8	X.laevis_dnajc5g.S_dnaJ_homolog_subfamily_C_member_5
C.mydas_DNAJC5_dnaJ_homolog_subfamily_C_member_5	47.887	71	37	0	1.46e-15	78.2	C.mydas_DNAJC5_dnaJ_homolog_subfamily_C_member_5
S.townsendi_DNAJC5B_dnaJ_homolog_subfamily_C_member_5B	50.704	71	35	0	1.55e-15	78.2	S.townsendi_DNAJC5B_dnaJ_homolog_subfamily_C_member_5B
X.laevis_LOC108700946_dnaJ_homolog_subfamily_C_member_5like	49.296	71	36	0	1.55e-15	78.2	X.laevis_LOC108700946_dnaJ_homolog_subfamily_C_member_5like
D.rerio_dnajc5ga_DnaJ_Hsp40_homolog_subfamily_C_member_5_gamma_a	51.471	68	33	0	1.68e-15	78.2	D.rerio_dnajc5ga_DnaJ_Hsp40_homolog_subfamily_C_member_5_gamma_a
X.laevis_dnajc5g.L_DnaJ_heat_shock_protein_family_Hsp40_member_C5	54.412	68	31	0	1.70e-15	77.8	X.laevis_dnajc5g.L_DnaJ_heat_shock_protein_family_Hsp40_member_C5
X.laevis_dnajb12.S_DnaJ_heat_shock_protein_family_Hsp40_member_B1	45.098	102	51	3	1.71e-15	81.3	X.laevis_dnajb12.S_DnaJ_heat_shock_protein_family_Hsp40_member_B1
H.sapiens_DNAJC5_dnaJ_homolog_subfamily_C_member_5_isoform_X1	47.887	71	37	0	1.71e-15	78.2	H.sapiens_DNAJC5_dnaJ_homolog_subfamily_C_member_5_isoform_X1
E.caballus_DNAJC5_dnaJ_homolog_subfamily_C_member_5	47.887	71	37	0	1.71e-15	78.2	E.caballus_DNAJC5_dnaJ_homolog_subfamily_C_member_5
F.catus_DNAJC10_dnaJ_homolog_subfamily_C_member_10	44.048	84	47	0	1.77e-15	82.4	F.catus_DNAJC10_dnaJ_homolog_subfamily_C_member_10
C.mydas_DNAJB8_dnaJ_homolog_subfamily_B_member_8	43.269	104	53	3	1.79e-15	79.0	C.mydas_DNAJB8_dnaJ_homolog_subfamily_B_member_8
G.aculeatus_dnajc16l_dnaJ_homolog_subfamily_C_member_16	47.619	84	43	1	1.79e-15	82.4	G.aculeatus_dnajc16l_dnaJ_homolog_subfamily_C_member_16
H.sapiens_DNAJC5B_dnaJ_homolog_subfamily_C_member_5B	52.113	71	34	0	2.12e-15	77.8	H.sapiens_DNAJC5B_dnaJ_homolog_subfamily_C_member_5B
F.catus_DNAJB13_dnaJ_homolog_subfamily_B_member_13_isoform_X2	41.525	118	60	5	2.30e-15	80.1	F.catus_DNAJB13_dnaJ_homolog_subfamily_B_member_13_isoform_X2
C.mydas_DNAJB13_dnaJ_homolog_subfamily_B_member_13_isoform_X1	26.611	357	189	13	2.36e-15	80.1	C.mydas_DNAJB13_dnaJ_homolog_subfamily_B_member_13_isoform_X1
S.salar_LOC106586473_dnaJ_homolog_subfamily_C_member_10	34.058	138	75	3	2.48e-15	82.0	S.salar_LOC106586473_dnaJ_homolog_subfamily_C_member_10
D.rerio_dnajc5b_dnaJ_homolog_subfamily_C_member_5	49.296	71	36	0	2.70e-15	77.4	D.rerio_dnajc5b_dnaJ_homolog_subfamily_C_member_5
E.caballus_DNAJC18_dnaJ_homolog_subfamily_C_member_18	41.803	122	67	4	2.77e-15	80.5	E.caballus_DNAJC18_dnaJ_homolog_subfamily_C_member_18
S.salar_djb14_DnaJ_homolog_subfamily_B_member_14	42.857	105	52	4	3.05e-15	80.5	S.salar_djb14_DnaJ_homolog_subfamily_B_member_14
S.salar_LOC106610303_dnaJ_homolog_subfamily_B_member_14like	42.857	105	52	4	3.14e-15	80.5	S.salar_LOC106610303_dnaJ_homolog_subfamily_B_member_14like
G.aculeatus_zgc:122979_dnaJ_homolog_subfamily_B_member_5	41.000	100	57	2	3.21e-15	80.5	G.aculeatus_zgc:122979_dnaJ_homolog_subfamily_B_member_5
S.salar_LOC106591679_dnaJ_homolog_subfamily_B_member_1	52.113	71	33	1	3.79e-15	79.7	S.salar_LOC106591679_dnaJ_homolog_subfamily_B_member_1
D.rerio_dnajc5ab_dnaJ_homolog_subfamily_C_member_5	47.887	71	37	0	4.23e-15	77.0	D.rerio_dnajc5ab_dnaJ_homolog_subfamily_C_member_5
G.aculeatus_dnajb12b_dnaJ_homolog_subfamily_B_member_12b	42.000	100	55	2	4.68e-15	79.7	G.aculeatus_dnajb12b_dnaJ_homolog_subfamily_B_member_12b
X.laevis_dnajc16.L_dnaJ_homolog_subfamily_C_member_16	51.316	76	36	1	4.78e-15	81.3	X.laevis_dnajc16.L_dnaJ_homolog_subfamily_C_member_16
S.townsendi_DNAJC16_dnaJ_homolog_subfamily_C_member_16_isoform_X1	54.795	73	32	1	5.18e-15	80.9	S.townsendi_DNAJC16_dnaJ_homolog_subfamily_C_member_16_isoform_X1
D.rerio_dnajb12a_dnaJ_homolog_subfamily_B_member_12a	42.574	101	54	3	5.42e-15	79.7	D.rerio_dnajb12a_dnaJ_homolog_subfamily_B_member_12a
S.salar_LOC106607849_dnaJ_homolog_subfamily_C_member_5like_isofor	47.887	71	37	0	5.69e-15	77.8	S.salar_LOC106607849_dnaJ_homolog_subfamily_C_member_5like_isofor
S.townsendi_LOC125427494_dnaJ_homolog_subfamily_B_member_2like	54.930	71	31	1	6.67e-15	77.8	S.townsendi_LOC125427494_dnaJ_homolog_subfamily_B_member_2like
S.salar_LOC106569113_dnaJ_homolog_subfamily_C_member_5	47.887	71	37	0	6.77e-15	76.3	S.salar_LOC106569113_dnaJ_homolog_subfamily_C_member_5
G.aculeatus_dnajc5ga_dnaJ_Hsp40_homolog_subfamily_C_member_5_gamm	49.315	73	37	0	6.87e-15	77.0	G.aculeatus_dnajc5ga_dnaJ_Hsp40_homolog_subfamily_C_member_5_gamm
C.carcharias_dnajc10_dnaJ_homolog_subfamily_C_member_10_isoform_X	33.333	132	72	3	7.19e-15	80.5	C.carcharias_dnajc10_dnaJ_homolog_subfamily_C_member_10_isoform_X
S.salar_LOC106569446_dnaJ_homolog_subfamily_B_member_5like	23.219	379	201	13	7.82e-15	79.3	S.salar_LOC106569446_dnaJ_homolog_subfamily_B_member_5like
C.mydas_DNAJC5B_dnaJ_homolog_subfamily_C_member_5B_isoform_X1	47.887	71	37	0	7.94e-15	76.3	C.mydas_DNAJC5B_dnaJ_homolog_subfamily_C_member_5B_isoform_X1
G.gallus_DNAJB8_dnaJ_homolog_subfamily_B_member_8	38.462	104	59	3	8.64e-15	76.3	G.gallus_DNAJB8_dnaJ_homolog_subfamily_B_member_8
X.laevis_dnajc16.S_dnaJ_homolog_subfamily_C_member_16	51.316	76	36	1	9.86e-15	80.1	X.laevis_dnajc16.S_dnaJ_homolog_subfamily_C_member_16
G.aculeatus_dnajc18_dnaJ_homolog_subfamily_C_member_18	43.636	110	50	4	1.05e-14	79.0	G.aculeatus_dnajc18_dnaJ_homolog_subfamily_C_member_18
G.gallus_DNAJB13_dnaJ_homolog_subfamily_B_member_13_isoform_X1	39.655	116	63	4	1.10e-14	78.2	G.gallus_DNAJB13_dnaJ_homolog_subfamily_B_member_13_isoform_X1
C.carcharias_dnajc5ga_dnaJ_Hsp40_homolog_subfamily_C_member_5_gam	49.296	71	36	0	1.11e-14	75.5	C.carcharias_dnajc5ga_dnaJ_Hsp40_homolog_subfamily_C_member_5_gam
S.salar_LOC106572876_dnaJ_homolog_subfamily_C_member_5like	48.529	68	35	0	1.11e-14	75.9	S.salar_LOC106572876_dnaJ_homolog_subfamily_C_member_5like
S.salar_LOC106566293_dnaJ_homolog_subfamily_C_member_5like	48.529	68	35	0	1.22e-14	75.5	S.salar_LOC106566293_dnaJ_homolog_subfamily_C_member_5like
F.catus_DNAJC18_dnaJ_homolog_subfamily_C_member_18_isoform_X1	42.735	117	63	4	1.24e-14	78.6	F.catus_DNAJC18_dnaJ_homolog_subfamily_C_member_18_isoform_X1
S.salar_djb12_DnaJ_homolog_subfamily_B_member_12	37.762	143	73	5	1.29e-14	78.6	S.salar_djb12_DnaJ_homolog_subfamily_B_member_12
S.salar_LOC106577317_dnaJ_homolog_subfamily_B_member_12	37.762	143	73	5	1.35e-14	78.2	S.salar_LOC106577317_dnaJ_homolog_subfamily_B_member_12
S.salar_LOC106571443_dnaJ_homolog_subfamily_C_member_5like_isofor	46.479	71	38	0	1.36e-14	76.3	S.salar_LOC106571443_dnaJ_homolog_subfamily_C_member_5like_isofor
D.rerio_im:7136940_dnaJ_homolog_subfamily_B_member_9like_isoform_	53.968	63	28	1	1.45e-14	74.7	D.rerio_im:7136940_dnaJ_homolog_subfamily_B_member_9like_isoform_
C.carcharias_LOC121291105_dnaJ_homolog_subfamily_C_member_5like_i	47.887	71	37	0	1.46e-14	74.7	C.carcharias_LOC121291105_dnaJ_homolog_subfamily_C_member_5like_i
D.rerio_dnajc18_dnaJ_homolog_subfamily_C_member_18	41.964	112	49	4	1.67e-14	78.6	D.rerio_dnajc18_dnaJ_homolog_subfamily_C_member_18
S.salar_LOC106582260_dnaJ_homolog_subfamily_C_member_10	34.074	135	73	3	1.71e-14	79.3	S.salar_LOC106582260_dnaJ_homolog_subfamily_C_member_10
G.gallus_DNAJC5G_dnaJ_homolog_subfamily_C_member_5G	47.887	71	37	0	1.73e-14	74.7	G.gallus_DNAJC5G_dnaJ_homolog_subfamily_C_member_5G
H.sapiens_DNAJC10_dnaJ_homolog_subfamily_C_member_10_isoform_1_pr	43.902	82	46	0	1.74e-14	79.3	H.sapiens_DNAJC10_dnaJ_homolog_subfamily_C_member_10_isoform_1_pr
X.laevis_dnajc5b.L_dnaJ_homolog_subfamily_C_member_5	49.296	71	36	0	1.74e-14	75.1	X.laevis_dnajc5b.L_dnaJ_homolog_subfamily_C_member_5
D.rerio_dnajc5aa_DnaJ_Hsp40_homolog_subfamily_C_member_5aa	47.887	71	37	0	1.91e-14	75.1	D.rerio_dnajc5aa_DnaJ_Hsp40_homolog_subfamily_C_member_5aa
S.salar_LOC106599615_dnaJ_homolog_subfamily_C_member_5	46.479	71	38	0	2.00e-14	74.7	S.salar_LOC106599615_dnaJ_homolog_subfamily_C_member_5
G.aculeatus_dnajb5_dnaJ_homolog_subfamily_B_member_5	42.202	109	48	4	2.42e-14	77.4	G.aculeatus_dnajb5_dnaJ_homolog_subfamily_B_member_5
S.salar_LOC123741706_dnaJ_homolog_subfamily_B_member_1like	52.113	71	33	1	2.47e-14	77.4	S.salar_LOC123741706_dnaJ_homolog_subfamily_B_member_1like
F.catus_LOC101089160_dnaJ_homolog_subfamily_A_member_1like	54.054	74	31	1	2.54e-14	74.7	F.catus_LOC101089160_dnaJ_homolog_subfamily_A_member_1like
S.salar_dnajb1a_dnaJ_homolog_subfamily_B_member_1a	52.113	71	33	1	2.56e-14	77.4	S.salar_dnajb1a_dnaJ_homolog_subfamily_B_member_1a
X.laevis_dnajb13.S_DnaJ_heat_shock_protein_family_Hsp40_member_B1	39.130	115	61	5	3.03e-14	76.6	X.laevis_dnajb13.S_DnaJ_heat_shock_protein_family_Hsp40_member_B1
G.aculeatus_dnajc5ab_dnaJ_homolog_subfamily_C_member_5	48.529	68	35	0	3.25e-14	74.3	G.aculeatus_dnajc5ab_dnaJ_homolog_subfamily_C_member_5
E.caballus_DNAJC10_dnaJ_homolog_subfamily_C_member_10	41.667	84	49	0	3.43e-14	78.6	E.caballus_DNAJC10_dnaJ_homolog_subfamily_C_member_10
D.rerio_dnajb2_dnaJ_homolog_subfamily_B_member_2_isoform_X1	47.619	105	49	2	3.43e-14	77.4	D.rerio_dnajb2_dnaJ_homolog_subfamily_B_member_2_isoform_X1
G.gallus_DNAJC18_dnaJ_homolog_subfamily_C_member_18	41.584	101	56	2	5.38e-14	75.5	G.gallus_DNAJC18_dnaJ_homolog_subfamily_C_member_18
C.carcharias_dnajb14_dnaJ_homolog_subfamily_B_member_14	41.667	108	47	4	7.02e-14	76.3	C.carcharias_dnajb14_dnaJ_homolog_subfamily_B_member_14
G.aculeatus_dnajb1b_dnaJ_homolog_subfamily_B_member_1b	53.731	67	30	1	7.06e-14	75.9	G.aculeatus_dnajb1b_dnaJ_homolog_subfamily_B_member_1b
S.salar_LOC106582522_dnaJ_homolog_subfamily_B_member_6like	39.394	132	55	6	7.44e-14	75.1	S.salar_LOC106582522_dnaJ_homolog_subfamily_B_member_6like
X.laevis_dnajc5b.S_dnaJ_homolog_subfamily_C_member_5	47.887	71	37	0	7.92e-14	73.2	X.laevis_dnajc5b.S_dnaJ_homolog_subfamily_C_member_5
S.salar_dnjc5_DnaJ_homolog_subfamily_C_member_5	47.887	71	37	0	8.14e-14	73.2	S.salar_dnjc5_DnaJ_homolog_subfamily_C_member_5
G.gallus_DNAJC5B_dnaJ_homolog_subfamily_C_member_5B	49.296	71	36	0	1.22e-13	72.8	G.gallus_DNAJC5B_dnaJ_homolog_subfamily_C_member_5B
F.catus_DNAJA4_dnaJ_homolog_subfamily_A_member_4_isoform_X2	28.405	257	155	9	1.40e-13	76.3	F.catus_DNAJA4_dnaJ_homolog_subfamily_A_member_4_isoform_X2
S.townsendi_LOC125426255_uncharacterized_protein_LOC125426255	36.957	138	64	4	1.42e-13	76.6	S.townsendi_LOC125426255_uncharacterized_protein_LOC125426255
D.rerio_dnajc16_dnaJ_homolog_subfamily_C_member_16_isoform_X2	52.174	69	32	1	1.68e-13	76.3	D.rerio_dnajc16_dnaJ_homolog_subfamily_C_member_16_isoform_X2
S.salar_LOC106572461_dnaJ_homolog_subfamily_C_member_5_isoform_X1	45.070	71	39	0	1.95e-13	72.0	S.salar_LOC106572461_dnaJ_homolog_subfamily_C_member_5_isoform_X1
S.salar_LOC106567344_dnaJ_homolog_subfamily_C_member_5_isoform_X1	45.070	71	39	0	1.98e-13	72.0	S.salar_LOC106567344_dnaJ_homolog_subfamily_C_member_5_isoform_X1
G.aculeatus_LOC120829397_dnaJ_homolog_subfamily_C_member_5like_is	45.205	73	40	0	2.04e-13	72.0	G.aculeatus_LOC120829397_dnaJ_homolog_subfamily_C_member_5like_is
E.caballus_LOC100146455_LOW_QUALITY_PROTEIN_dnaJ_homolog_subfamil	56.250	64	27	1	2.53e-13	72.8	E.caballus_LOC100146455_LOW_QUALITY_PROTEIN_dnaJ_homolog_subfamil
D.rerio_dnajb14_dnaJ_homolog_subfamily_B_member_14	39.655	116	61	5	2.68e-13	74.3	D.rerio_dnajb14_dnaJ_homolog_subfamily_B_member_14
G.aculeatus_dnajc4_dnaJ_homolog_subfamily_C_member_4	42.708	96	54	1	2.84e-13	72.4	G.aculeatus_dnajc4_dnaJ_homolog_subfamily_C_member_4
S.salar_dnajb4_dnaJ_homolog_subfamily_B_member_4	54.545	66	29	1	2.97e-13	73.9	S.salar_dnajb4_dnaJ_homolog_subfamily_B_member_4
H.sapiens_DNAJC18_dnaJ_homolog_subfamily_C_member_18	40.171	117	66	4	2.98e-13	74.3	H.sapiens_DNAJC18_dnaJ_homolog_subfamily_C_member_18
H.sapiens_DNAJC18_dnaJ_homolog_subfamily_C_member_18	40.171	117	66	4	2.98e-13	74.3	H.sapiens_DNAJC18_dnaJ_homolog_subfamily_C_member_18
D.rerio_zgc:122979_uncharacterized_protein_LOC641576	51.515	66	31	1	3.05e-13	74.3	D.rerio_zgc:122979_uncharacterized_protein_LOC641576
S.townsendi_DNAJB14_dnaJ_homolog_subfamily_B_member_14_isoform_X1	39.604	101	59	2	3.28e-13	74.3	S.townsendi_DNAJB14_dnaJ_homolog_subfamily_B_member_14_isoform_X1
X.laevis_dnajb14.S_dnaJ_homolog_subfamily_B_member_14	40.566	106	48	3	6.15e-13	73.2	X.laevis_dnajb14.S_dnaJ_homolog_subfamily_B_member_14
G.aculeatus_dnajc16_dnaJ_homolog_subfamily_C_member_16	54.545	66	29	1	6.37e-13	74.3	G.aculeatus_dnajc16_dnaJ_homolog_subfamily_C_member_16
G.gallus_DNAJB14_dnaJ_homolog_subfamily_B_member_14	35.714	126	74	4	6.86e-13	73.2	G.gallus_DNAJB14_dnaJ_homolog_subfamily_B_member_14
S.townsendi_SAMD13_sterile_alpha_motif_domaincontaining_protein_1	57.812	64	26	1	9.11e-13	70.9	S.townsendi_SAMD13_sterile_alpha_motif_domaincontaining_protein_1
S.salar_LOC106603035_dnaJ_homolog_subfamily_C_member_18_isoform_X	37.615	109	58	3	1.13e-12	72.8	S.salar_LOC106603035_dnaJ_homolog_subfamily_C_member_18_isoform_X
X.laevis_dnajc4.L_DnaJ_heat_shock_protein_family_Hsp40_member_C4_	39.024	82	46	1	1.39e-12	70.5	X.laevis_dnajc4.L_DnaJ_heat_shock_protein_family_Hsp40_member_C4_
S.townsendi_DNAJC18_dnaJ_homolog_subfamily_C_member_18_isoform_X1	37.500	120	69	5	1.62e-12	72.0	S.townsendi_DNAJC18_dnaJ_homolog_subfamily_C_member_18_isoform_X1
C.mydas_DNAJB14_dnaJ_homolog_subfamily_B_member_14_isoform_X1	40.000	115	61	5	2.14e-12	71.6	C.mydas_DNAJB14_dnaJ_homolog_subfamily_B_member_14_isoform_X1
X.laevis_dnajb14.L_dnaJ_homolog_subfamily_B_member_14like	41.284	109	43	4	2.16e-12	71.6	X.laevis_dnajb14.L_dnaJ_homolog_subfamily_B_member_14like
C.mydas_DNAJC18_dnaJ_homolog_subfamily_C_member_18_isoform_X2	39.604	101	58	2	3.35e-12	70.9	C.mydas_DNAJC18_dnaJ_homolog_subfamily_C_member_18_isoform_X2
S.townsendi_LOC125445079_dnaJ_homolog_subfamily_C_member_3like	45.556	90	41	4	4.24e-12	71.6	S.townsendi_LOC125445079_dnaJ_homolog_subfamily_C_member_3like
F.catus_DNAJB14_dnaJ_homolog_subfamily_B_member_14_isoform_X1	38.938	113	65	3	4.83e-12	70.5	F.catus_DNAJB14_dnaJ_homolog_subfamily_B_member_14_isoform_X1
S.townsendi_DNAJC11_LOW_QUALITY_PROTEIN_dnaJ_homolog_subfamily_C_	48.000	75	36	1	4.94e-12	71.2	S.townsendi_DNAJC11_LOW_QUALITY_PROTEIN_dnaJ_homolog_subfamily_C_
H.sapiens_DNAJB14_dnaJ_homolog_subfamily_B_member_14_isoform_1	38.938	113	65	3	5.19e-12	70.5	H.sapiens_DNAJB14_dnaJ_homolog_subfamily_B_member_14_isoform_1
S.salar_LOC106567146_dnaJ_homolog_subfamily_C_member_16like	36.885	122	62	5	5.29e-12	71.6	S.salar_LOC106567146_dnaJ_homolog_subfamily_C_member_16like
E.caballus_DNAJB14_dnaJ_homolog_subfamily_B_member_14	38.053	113	66	3	6.39e-12	70.1	E.caballus_DNAJB14_dnaJ_homolog_subfamily_B_member_14
S.salar_djc16_dnaJ_homolog_subfamily_C_member_16_isoform_X1	51.515	66	31	1	7.10e-12	71.2	S.salar_djc16_dnaJ_homolog_subfamily_C_member_16_isoform_X1
C.mydas_DNAJC11_dnaJ_homolog_subfamily_C_member_11	46.667	75	37	1	9.36e-12	70.5	C.mydas_DNAJC11_dnaJ_homolog_subfamily_C_member_11
D.rerio_dnajc17_dnaJ_homolog_subfamily_C_member_17	46.053	76	41	0	1.12e-11	68.9	D.rerio_dnajc17_dnaJ_homolog_subfamily_C_member_17
G.gallus_DNAJC11_dnaJ_homolog_subfamily_C_member_11	46.667	75	37	1	1.89e-11	69.7	G.gallus_DNAJC11_dnaJ_homolog_subfamily_C_member_11
S.salar_LOC106582929_dnaJ_homolog_subfamily_C_member_17like_isofo	48.611	72	37	0	2.25e-11	68.6	S.salar_LOC106582929_dnaJ_homolog_subfamily_C_member_17like_isofo
F.catus_DNAJC17_dnaJ_homolog_subfamily_C_member_17	47.222	72	38	0	2.39e-11	67.8	F.catus_DNAJC17_dnaJ_homolog_subfamily_C_member_17
D.rerio_dnajc11a_dnaJ_homolog_subfamily_C_member_11a	42.308	78	42	1	2.39e-11	69.3	D.rerio_dnajc11a_dnaJ_homolog_subfamily_C_member_11a
D.rerio_dnajc11a_dnaJ_homolog_subfamily_C_member_11a	42.308	78	42	1	2.39e-11	69.3	D.rerio_dnajc11a_dnaJ_homolog_subfamily_C_member_11a
S.salar_LOC106583132_dnaJ_homolog_subfamily_C_member_11	38.372	86	50	1	2.62e-11	68.9	S.salar_LOC106583132_dnaJ_homolog_subfamily_C_member_11
H.sapiens_DNAJC17_dnaJ_homolog_subfamily_C_member_17	47.222	72	38	0	2.65e-11	67.8	H.sapiens_DNAJC17_dnaJ_homolog_subfamily_C_member_17
G.aculeatus_dnajb14_dnaJ_homolog_subfamily_B_member_14	38.318	107	58	3	3.11e-11	68.2	G.aculeatus_dnajb14_dnaJ_homolog_subfamily_B_member_14
S.salar_djc17_DnaJ_homolog_subfamily_C_member_17	47.368	76	40	0	3.14e-11	67.8	S.salar_djc17_DnaJ_homolog_subfamily_C_member_17
H.sapiens_DNAJC11_dnaJ_homolog_subfamily_C_member_11	44.872	78	40	1	3.26e-11	68.9	H.sapiens_DNAJC11_dnaJ_homolog_subfamily_C_member_11
E.caballus_DNAJC17_dnaJ_homolog_subfamily_C_member_17	47.222	72	38	0	3.30e-11	67.4	E.caballus_DNAJC17_dnaJ_homolog_subfamily_C_member_17
F.catus_DNAJC11_dnaJ_homolog_subfamily_C_member_11_isoform_X1	44.872	78	40	1	3.53e-11	68.6	F.catus_DNAJC11_dnaJ_homolog_subfamily_C_member_11_isoform_X1
E.caballus_DNAJC11_dnaJ_homolog_subfamily_C_member_11_isoform_X2	44.872	78	40	1	3.53e-11	68.6	E.caballus_DNAJC11_dnaJ_homolog_subfamily_C_member_11_isoform_X2
D.rerio_dnajc11_dnaJ_homolog_subfamily_C_member_11	38.372	86	50	1	3.86e-11	68.6	D.rerio_dnajc11_dnaJ_homolog_subfamily_C_member_11
G.aculeatus_dnajc11a_dnaJ_homolog_subfamily_C_member_11a	42.308	78	42	1	5.58e-11	68.2	G.aculeatus_dnajc11a_dnaJ_homolog_subfamily_C_member_11a
F.catus_DNAJC30_dnaJ_homolog_subfamily_C_member_30_mitochondrial	31.298	131	66	3	5.85e-11	65.5	F.catus_DNAJC30_dnaJ_homolog_subfamily_C_member_30_mitochondrial
C.carcharias_dnajc17_dnaJ_homolog_subfamily_C_member_17_isoform_X	51.471	68	33	0	6.55e-11	66.6	C.carcharias_dnajc17_dnaJ_homolog_subfamily_C_member_17_isoform_X
C.carcharias_dnajc18_dnaJ_homolog_subfamily_C_member_18	39.806	103	57	3	6.89e-11	67.0	C.carcharias_dnajc18_dnaJ_homolog_subfamily_C_member_18
E.caballus_DNAJC30_dnaJ_homolog_subfamily_C_member_30	41.176	68	40	0	7.15e-11	65.9	E.caballus_DNAJC30_dnaJ_homolog_subfamily_C_member_30
S.salar_LOC106567260_dnaJ_homolog_subfamily_C_member_11_isoform_X	42.667	75	40	1	7.72e-11	67.8	S.salar_LOC106567260_dnaJ_homolog_subfamily_C_member_11_isoform_X
C.carcharias_dnajc21_dnaJ_homolog_subfamily_C_member_21_isoform_X	42.857	77	43	1	8.10e-11	67.8	C.carcharias_dnajc21_dnaJ_homolog_subfamily_C_member_21_isoform_X
X.laevis_dnajc30.L_dnaJ_homolog_subfamily_C_member_30_mitochondri	45.455	66	36	0	8.52e-11	66.2	X.laevis_dnajc30.L_dnaJ_homolog_subfamily_C_member_30_mitochondri
S.salar_dnajc3a_dnaJ_homolog_subfamily_C_member_3a	42.857	98	48	4	9.09e-11	67.4	S.salar_dnajc3a_dnaJ_homolog_subfamily_C_member_3a
G.aculeatus_dnajc9_dnaJ_homolog_subfamily_C_member_9	30.709	127	73	3	9.42e-11	65.5	G.aculeatus_dnajc9_dnaJ_homolog_subfamily_C_member_9
C.mydas_DNAJC4_dnaJ_homolog_subfamily_C_member_4_isoform_X2	43.750	64	36	0	1.04e-10	65.5	C.mydas_DNAJC4_dnaJ_homolog_subfamily_C_member_4_isoform_X2
S.salar_dnajc30b_dnaJ_Hsp40_homolog_subfamily_C_member_30b_isofor	32.787	122	76	1	1.10e-10	66.6	S.salar_dnajc30b_dnaJ_Hsp40_homolog_subfamily_C_member_30b_isofor
S.salar_dcj11_DnaJ_homolog_subfamily_C_member_11	44.595	74	38	1	1.19e-10	67.0	S.salar_dcj11_DnaJ_homolog_subfamily_C_member_11
G.gallus_DNAJC30_dnaJ_homolog_subfamily_C_member_30_mitochondrial	44.262	61	34	0	1.31e-10	64.3	G.gallus_DNAJC30_dnaJ_homolog_subfamily_C_member_30_mitochondrial
D.rerio_dnajc16l_dnaJ_homolog_subfamily_C_member_16	43.902	82	44	2	1.36e-10	67.0	D.rerio_dnajc16l_dnaJ_homolog_subfamily_C_member_16
X.laevis_dnajc18.S_dnaJ_homolog_subfamily_C_member_18	48.485	66	33	1	1.45e-10	66.6	X.laevis_dnajc18.S_dnaJ_homolog_subfamily_C_member_18
X.laevis_dnajc11.L_dnaJ_homolog_subfamily_C_member_11	41.333	75	41	1	1.64e-10	66.6	X.laevis_dnajc11.L_dnaJ_homolog_subfamily_C_member_11
C.mydas_DNAJC1_dnaJ_homolog_subfamily_C_member_1_isoform_X2	50.000	64	31	1	1.80e-10	66.6	C.mydas_DNAJC1_dnaJ_homolog_subfamily_C_member_1_isoform_X2
D.rerio_dnajc21_dnaJ_homolog_subfamily_C_member_21	46.053	76	40	1	1.82e-10	66.2	D.rerio_dnajc21_dnaJ_homolog_subfamily_C_member_21
C.carcharias_dnajc3a_dnaJ_homolog_subfamily_C_member_3a	41.000	100	50	4	2.29e-10	65.9	C.carcharias_dnajc3a_dnaJ_homolog_subfamily_C_member_3a
G.aculeatus_LOC120833297_dnaJ_homolog_subfamily_C_member_30_mitoc	40.698	86	47	2	2.31e-10	65.1	G.aculeatus_LOC120833297_dnaJ_homolog_subfamily_C_member_30_mitoc
C.carcharias_LOC121288580_dnaJ_homolog_subfamily_C_member_11_isof	41.026	78	43	1	2.90e-10	65.9	C.carcharias_LOC121288580_dnaJ_homolog_subfamily_C_member_11_isof
X.laevis_LOC100049763_dnaJ_homolog_subfamily_C_member_17_isoform_	48.571	70	36	0	2.92e-10	65.1	X.laevis_LOC100049763_dnaJ_homolog_subfamily_C_member_17_isoform_
G.gallus_DNAJC25_dnaJ_homolog_subfamily_C_member_25	50.000	68	27	1	3.20e-10	64.7	G.gallus_DNAJC25_dnaJ_homolog_subfamily_C_member_25
S.salar_dnajc4_dnaJ_homolog_subfamily_C_member_4	33.913	115	63	3	3.33e-10	63.5	S.salar_dnajc4_dnaJ_homolog_subfamily_C_member_4
G.aculeatus_LOC120835267_dnaJ_homolog_subfamily_C_member_11like_i	40.000	75	42	1	3.81e-10	65.5	G.aculeatus_LOC120835267_dnaJ_homolog_subfamily_C_member_11like_i
S.salar_LOC106582681_dnaJ_homolog_subfamily_C_member_16	42.424	66	37	1	3.85e-10	65.9	S.salar_LOC106582681_dnaJ_homolog_subfamily_C_member_16
F.catus_DNAJC4_dnaJ_homolog_subfamily_C_member_4_isoform_X1	34.783	92	52	1	4.07e-10	63.5	F.catus_DNAJC4_dnaJ_homolog_subfamily_C_member_4_isoform_X1
X.laevis_dnajc17.S_DnaJ_heat_shock_protein_family_Hsp40_member_C1	46.667	75	40	0	4.28e-10	64.3	X.laevis_dnajc17.S_DnaJ_heat_shock_protein_family_Hsp40_member_C1
D.rerio_dnajc3b_dnaJ_homolog_subfamily_C_member_3b_precursor	45.455	77	38	2	4.38e-10	65.1	D.rerio_dnajc3b_dnaJ_homolog_subfamily_C_member_3b_precursor
F.catus_DNAJC21_dnaJ_homolog_subfamily_C_member_21	46.053	76	40	1	4.99e-10	65.1	F.catus_DNAJC21_dnaJ_homolog_subfamily_C_member_21
S.salar_LOC106577057_dnaJ_homolog_subfamily_C_member_9	31.496	127	72	3	5.04e-10	63.2	S.salar_LOC106577057_dnaJ_homolog_subfamily_C_member_9
H.sapiens_DNAJC21_dnaJ_homolog_subfamily_C_member_21_isoform_X1	48.000	75	34	2	5.43e-10	65.1	H.sapiens_DNAJC21_dnaJ_homolog_subfamily_C_member_21_isoform_X1
E.caballus_DNAJC4_dnaJ_homolog_subfamily_C_member_4_isoform_X1	39.241	79	45	1	5.67e-10	62.8	E.caballus_DNAJC4_dnaJ_homolog_subfamily_C_member_4_isoform_X1
S.townsendi_DNAJC14_dnaJ_homolog_subfamily_C_member_14	31.073	177	90	6	5.88e-10	65.1	S.townsendi_DNAJC14_dnaJ_homolog_subfamily_C_member_14
E.caballus_DNAJC21_dnaJ_homolog_subfamily_C_member_21	45.455	77	41	1	6.49e-10	64.7	E.caballus_DNAJC21_dnaJ_homolog_subfamily_C_member_21
C.carcharias_dnajc1_dnaJ_homolog_subfamily_C_member_1	43.836	73	40	1	6.68e-10	64.7	C.carcharias_dnajc1_dnaJ_homolog_subfamily_C_member_1
C.carcharias_LOC121283527_uncharacterized_protein_LOC121283527	35.772	123	65	5	7.11e-10	64.3	C.carcharias_LOC121283527_uncharacterized_protein_LOC121283527
G.aculeatus_dnajc1_dnaJ_homolog_subfamily_C_member_1	45.070	71	38	1	7.19e-10	64.3	G.aculeatus_dnajc1_dnaJ_homolog_subfamily_C_member_1
S.townsendi_DNAJC30_dnaJ_homolog_subfamily_C_member_30_mitochondr	47.541	61	32	0	7.69e-10	62.0	S.townsendi_DNAJC30_dnaJ_homolog_subfamily_C_member_30_mitochondr
H.sapiens_DNAJC4_dnaJ_homolog_subfamily_C_member_4_isoform_X1	40.845	71	42	0	8.67e-10	62.4	H.sapiens_DNAJC4_dnaJ_homolog_subfamily_C_member_4_isoform_X1
S.salar_dnajc21_dnaJ_homolog_subfamily_C_member_21	43.421	76	42	1	1.13e-09	63.9	S.salar_dnajc21_dnaJ_homolog_subfamily_C_member_21
H.sapiens_DNAJC30_dnaJ_homolog_subfamily_C_member_30_mitochondria	44.262	61	34	0	1.25e-09	61.6	H.sapiens_DNAJC30_dnaJ_homolog_subfamily_C_member_30_mitochondria
D.rerio_dnajc4_dnaJ_homolog_subfamily_C_member_4	35.455	110	65	2	1.34e-09	61.6	D.rerio_dnajc4_dnaJ_homolog_subfamily_C_member_4
D.rerio_dnajc4_dnaJ_homolog_subfamily_C_member_4	35.455	110	65	2	1.34e-09	61.6	D.rerio_dnajc4_dnaJ_homolog_subfamily_C_member_4
S.townsendi_DNAJC9_dnaJ_homolog_subfamily_C_member_9_isoform_X1	29.936	157	93	5	1.42e-09	62.0	S.townsendi_DNAJC9_dnaJ_homolog_subfamily_C_member_9_isoform_X1
F.catus_DNAJC1_dnaJ_homolog_subfamily_C_member_1_isoform_X1	47.619	63	32	1	1.43e-09	63.5	F.catus_DNAJC1_dnaJ_homolog_subfamily_C_member_1_isoform_X1
H.sapiens_DNAJC1_dnaJ_homolog_subfamily_C_member_1_precursor	47.619	63	32	1	1.44e-09	63.5	H.sapiens_DNAJC1_dnaJ_homolog_subfamily_C_member_1_precursor
F.catus_DNAJC5B_dnaJ_homolog_subfamily_C_member_5B_isoform_X2	35.294	102	35	1	1.65e-09	61.2	F.catus_DNAJC5B_dnaJ_homolog_subfamily_C_member_5B_isoform_X2
D.rerio_LOC100333185_dnaJ_homolog_subfamily_C_member_30	38.710	93	45	1	1.67e-09	62.4	D.rerio_LOC100333185_dnaJ_homolog_subfamily_C_member_30
S.townsendi_DNAJC25_dnaJ_homolog_subfamily_C_member_25	50.820	61	30	0	1.73e-09	62.4	S.townsendi_DNAJC25_dnaJ_homolog_subfamily_C_member_25
S.salar_LOC123726240_uncharacterized_protein_LOC123726240	44.595	74	39	1	1.74e-09	62.8	S.salar_LOC123726240_uncharacterized_protein_LOC123726240
X.laevis_LOC108711787_dnaJ_homolog_subfamily_C_member_18	46.154	65	34	1	2.04e-09	62.8	X.laevis_LOC108711787_dnaJ_homolog_subfamily_C_member_18
S.townsendi_DNAJC4_dnaJ_homolog_subfamily_C_member_4	40.000	70	42	0	2.10e-09	61.6	S.townsendi_DNAJC4_dnaJ_homolog_subfamily_C_member_4
D.rerio_dnajc25_dnaJ_homolog_subfamily_C_member_25_precursor	36.275	102	53	2	2.22e-09	62.4	D.rerio_dnajc25_dnaJ_homolog_subfamily_C_member_25_precursor
G.gallus_DNAJC1_dnaJ_homolog_subfamily_C_member_1	47.619	63	32	1	2.41e-09	62.8	G.gallus_DNAJC1_dnaJ_homolog_subfamily_C_member_1
S.townsendi_DNAJC3_dnaJ_homolog_subfamily_C_member_3_isoform_X1	43.137	102	44	3	2.64e-09	62.8	S.townsendi_DNAJC3_dnaJ_homolog_subfamily_C_member_3_isoform_X1
X.laevis_dnajc1.S_DnaJ_heat_shock_protein_family_Hsp40_member_C1_	44.615	65	35	1	2.79e-09	62.8	X.laevis_dnajc1.S_DnaJ_heat_shock_protein_family_Hsp40_member_C1_
D.rerio_dnajc25_dnaJ_homolog_subfamily_C_member_25_precursor	36.275	102	53	2	3.06e-09	61.6	D.rerio_dnajc25_dnaJ_homolog_subfamily_C_member_25_precursor
X.laevis_dnajc1.L_dnaJ_homolog_subfamily_C_member_1	44.615	65	35	1	3.13e-09	62.4	X.laevis_dnajc1.L_dnaJ_homolog_subfamily_C_member_1
C.mydas_DNAJC25_dnaJ_homolog_subfamily_C_member_25	47.143	70	28	1	3.38e-09	61.6	C.mydas_DNAJC25_dnaJ_homolog_subfamily_C_member_25
E.caballus_DNAJC1_dnaJ_homolog_subfamily_C_member_1_isoform_X1	46.032	63	33	1	3.87e-09	62.4	E.caballus_DNAJC1_dnaJ_homolog_subfamily_C_member_1_isoform_X1
C.mydas_DNAJC30_LOW_QUALITY_PROTEIN_dnaJ_homolog_subfamily_C_memb	42.623	61	35	0	4.96e-09	59.3	C.mydas_DNAJC30_LOW_QUALITY_PROTEIN_dnaJ_homolog_subfamily_C_memb
G.aculeatus_dnajc17_dnaJ_homolog_subfamily_C_member_17_isoform_X2	45.833	72	39	0	5.50e-09	60.8	G.aculeatus_dnajc17_dnaJ_homolog_subfamily_C_member_17_isoform_X2
X.laevis_dnajc14.L_dnaJ_homolog_subfamily_C_member_14	45.205	73	37	2	5.51e-09	62.0	X.laevis_dnajc14.L_dnaJ_homolog_subfamily_C_member_14
H.sapiens_DNAJC25_dnaJ_homolog_subfamily_C_member_25_precursor	45.205	73	30	1	5.58e-09	61.2	H.sapiens_DNAJC25_dnaJ_homolog_subfamily_C_member_25_precursor
S.townsendi_DNAJC1_dnaJ_homolog_subfamily_C_member_1_isoform_X2	46.875	64	33	1	5.90e-09	61.6	S.townsendi_DNAJC1_dnaJ_homolog_subfamily_C_member_1_isoform_X2
D.rerio_dnajc1_dnaJ_homolog_subfamily_C_member_1_precursor	48.387	62	31	1	6.52e-09	61.6	D.rerio_dnajc1_dnaJ_homolog_subfamily_C_member_1_precursor
G.aculeatus_dnajc30b_dnaJ_Hsp40_homolog_subfamily_C_member_30b	36.364	99	54	2	6.76e-09	60.8	G.aculeatus_dnajc30b_dnaJ_Hsp40_homolog_subfamily_C_member_30b
X.laevis_dnajc3.L_DnaJ_heat_shock_protein_family_Hsp40_member_C3_	44.000	100	47	4	6.98e-09	61.2	X.laevis_dnajc3.L_DnaJ_heat_shock_protein_family_Hsp40_member_C3_
S.salar_dnajc12_dnaJ_homolog_subfamily_C_member_12	38.667	75	46	0	7.19e-09	58.2	S.salar_dnajc12_dnaJ_homolog_subfamily_C_member_12
C.mydas_DNAJC21_dnaJ_homolog_subfamily_C_member_21	40.260	77	45	1	7.21e-09	61.2	C.mydas_DNAJC21_dnaJ_homolog_subfamily_C_member_21
F.catus_LOC101093721_dnaJ_homolog_subfamily_C_member_25	45.205	73	30	1	7.80e-09	60.5	F.catus_LOC101093721_dnaJ_homolog_subfamily_C_member_25
D.rerio_dnajc9_dnaJ_homolog_subfamily_C_member_9	29.921	127	74	3	1.31e-08	58.9	D.rerio_dnajc9_dnaJ_homolog_subfamily_C_member_9
G.gallus_DNAJC21_dnaJ_homolog_subfamily_C_member_21_isoform_X1	42.647	68	38	1	1.35e-08	60.5	G.gallus_DNAJC21_dnaJ_homolog_subfamily_C_member_21_isoform_X1
E.caballus_LOC100057873_dnaJ_homolog_subfamily_C_member_25	45.205	73	30	1	1.41e-08	59.7	E.caballus_LOC100057873_dnaJ_homolog_subfamily_C_member_25
G.aculeatus_LOC120835342_dnaJ_homolog_subfamily_B_member_9like	38.824	85	51	1	1.44e-08	57.4	G.aculeatus_LOC120835342_dnaJ_homolog_subfamily_B_member_9like
D.rerio_dnajc9_dnaJ_homolog_subfamily_C_member_9	29.921	127	74	3	1.53e-08	58.5	D.rerio_dnajc9_dnaJ_homolog_subfamily_C_member_9
S.salar_dnajc25_dnaJ_homolog_subfamily_C_member_25_precursor	46.970	66	30	1	1.61e-08	59.7	S.salar_dnajc25_dnaJ_homolog_subfamily_C_member_25_precursor
H.sapiens_DNAJC3_dnaJ_homolog_subfamily_C_member_3_isoform_X1	41.748	103	45	3	1.67e-08	60.1	H.sapiens_DNAJC3_dnaJ_homolog_subfamily_C_member_3_isoform_X1
C.mydas_DNAJC9_dnaJ_homolog_subfamily_C_member_9	28.488	172	98	6	1.68e-08	58.5	C.mydas_DNAJC9_dnaJ_homolog_subfamily_C_member_9
G.aculeatus_dnajc21_dnaJ_homolog_subfamily_C_member_21_isoform_X2	44.156	77	42	1	1.75e-08	60.1	G.aculeatus_dnajc21_dnaJ_homolog_subfamily_C_member_21_isoform_X2
C.mydas_DNAJC3_dnaJ_homolog_subfamily_C_member_3_isoform_X1	40.196	102	47	3	2.00e-08	59.7	C.mydas_DNAJC3_dnaJ_homolog_subfamily_C_member_3_isoform_X1
F.catus_DNAJC3_dnaJ_homolog_subfamily_C_member_3	41.748	103	45	3	2.08e-08	59.7	F.catus_DNAJC3_dnaJ_homolog_subfamily_C_member_3
C.carcharias_dnajc4_dnaJ_homolog_subfamily_C_member_4_isoform_X1	41.026	78	42	1	2.20e-08	58.2	C.carcharias_dnajc4_dnaJ_homolog_subfamily_C_member_4_isoform_X1
S.salar_LOC106572757_dnaJ_homolog_subfamily_C_member_25like	45.455	66	31	1	2.24e-08	59.3	S.salar_LOC106572757_dnaJ_homolog_subfamily_C_member_25like
D.rerio_dnajc12_dnaJ_homolog_subfamily_C_member_12	43.939	66	37	0	2.39e-08	56.6	D.rerio_dnajc12_dnaJ_homolog_subfamily_C_member_12
G.gallus_DNAJC3_dnaJ_homolog_subfamily_C_member_3_precursor	41.176	102	46	3	2.47e-08	59.7	G.gallus_DNAJC3_dnaJ_homolog_subfamily_C_member_3_precursor
S.salar_dnjc1_dnaJ_homolog_subfamily_C_member_1_precursor	43.077	65	36	1	2.73e-08	59.7	S.salar_dnjc1_dnaJ_homolog_subfamily_C_member_1_precursor
S.salar_LOC106563796_LOW_QUALITY_PROTEIN_dnaJ_homolog_subfamily_C	46.377	69	34	1	2.84e-08	59.3	S.salar_LOC106563796_LOW_QUALITY_PROTEIN_dnaJ_homolog_subfamily_C
G.gallus_DNAJC24_dnaJ_homolog_subfamily_C_member_24	38.571	70	37	1	3.35e-08	55.8	G.gallus_DNAJC24_dnaJ_homolog_subfamily_C_member_24
C.mydas_DNAJC14_dnaJ_homolog_subfamily_C_member_14	45.902	61	32	1	3.39e-08	59.3	C.mydas_DNAJC14_dnaJ_homolog_subfamily_C_member_14
C.mydas_DNAJC17_dnaJ_homolog_subfamily_C_member_17	50.000	62	31	0	3.59e-08	58.2	C.mydas_DNAJC17_dnaJ_homolog_subfamily_C_member_17
C.carcharias_dnajc12_dnaJ_homolog_subfamily_C_member_12	39.394	66	40	0	3.87e-08	56.6	C.carcharias_dnajc12_dnaJ_homolog_subfamily_C_member_12
E.caballus_DNAJC3_dnaJ_homolog_subfamily_C_member_3_isoform_X1	40.777	103	46	3	3.87e-08	58.9	E.caballus_DNAJC3_dnaJ_homolog_subfamily_C_member_3_isoform_X1
X.laevis_XB22063322.L_DnaJ_homolog_subfamily_C_member_3like_precu	43.820	89	44	4	3.88e-08	58.9	X.laevis_XB22063322.L_DnaJ_homolog_subfamily_C_member_3like_precu
C.mydas_DNAJC5G_dnaJ_homolog_subfamily_C_member_5G_isoform_X1	54.167	48	22	0	4.09e-08	58.5	C.mydas_DNAJC5G_dnaJ_homolog_subfamily_C_member_5G_isoform_X1
S.salar_LOC106597112_LOW_QUALITY_PROTEIN_dnaJ_homolog_subfamily_C	34.951	103	49	3	4.58e-08	58.9	S.salar_LOC106597112_LOW_QUALITY_PROTEIN_dnaJ_homolog_subfamily_C
D.rerio_dnajc3a_dnaJ_homolog_subfamily_C_member_3a	48.052	77	36	2	4.69e-08	58.5	D.rerio_dnajc3a_dnaJ_homolog_subfamily_C_member_3a
D.rerio_dnajc3a_dnaJ_homolog_subfamily_C_member_3a	48.052	77	36	2	4.69e-08	58.5	D.rerio_dnajc3a_dnaJ_homolog_subfamily_C_member_3a
G.gallus_DNAJC9_dnaJ_homolog_subfamily_C_member_9	31.387	137	72	5	4.83e-08	57.4	G.gallus_DNAJC9_dnaJ_homolog_subfamily_C_member_9
S.salar_dnajc9_dnaJ_homolog_subfamily_C_member_9	28.030	132	80	3	6.01e-08	57.0	S.salar_dnajc9_dnaJ_homolog_subfamily_C_member_9
D.rerio_dnajc30b_DnaJ_Hsp40_homolog_subfamily_C_member_30b	45.161	62	33	1	6.02e-08	57.0	D.rerio_dnajc30b_DnaJ_Hsp40_homolog_subfamily_C_member_30b
X.laevis_dnajc14.S_dnaJ_homolog_subfamily_C_member_14	42.466	73	39	2	6.24e-08	58.5	X.laevis_dnajc14.S_dnaJ_homolog_subfamily_C_member_14
X.laevis_dnajc25.S_dnaJ_homolog_subfamily_C_member_25	45.070	71	29	1	6.36e-08	57.8	X.laevis_dnajc25.S_dnaJ_homolog_subfamily_C_member_25
F.catus_DNAJC9_dnaJ_homolog_subfamily_C_member_9	29.167	144	79	5	8.39e-08	56.6	F.catus_DNAJC9_dnaJ_homolog_subfamily_C_member_9
S.salar_LOC106583338_dnaJ_homolog_subfamily_C_member_14like	32.787	122	67	5	8.82e-08	58.2	S.salar_LOC106583338_dnaJ_homolog_subfamily_C_member_14like
S.townsendi_DNAJC17_dnaJ_homolog_subfamily_C_member_17	38.542	96	59	0	8.90e-08	57.0	S.townsendi_DNAJC17_dnaJ_homolog_subfamily_C_member_17
H.sapiens_DNAJB13_dnaJ_homolog_subfamily_B_member_13_isoform_1	35.577	104	58	5	9.67e-08	57.0	H.sapiens_DNAJB13_dnaJ_homolog_subfamily_B_member_13_isoform_1
G.aculeatus_dnajc3a_dnaJ_homolog_subfamily_C_member_3a	44.706	85	40	2	1.01e-07	57.8	G.aculeatus_dnajc3a_dnaJ_homolog_subfamily_C_member_3a
X.laevis_dnajc24.S_dnaJ_homolog_subfamily_C_member_24	34.211	76	44	1	1.04e-07	54.3	X.laevis_dnajc24.S_dnaJ_homolog_subfamily_C_member_24
C.mydas_LOC102945461_dnaJ_homolog_subfamily_C_member_3	41.111	90	45	3	1.11e-07	57.4	C.mydas_LOC102945461_dnaJ_homolog_subfamily_C_member_3
E.caballus_DNAJC9_dnaJ_homolog_subfamily_C_member_9	29.167	144	79	5	1.30e-07	55.8	E.caballus_DNAJC9_dnaJ_homolog_subfamily_C_member_9
H.sapiens_DNAJC14_dnaJ_homolog_subfamily_C_member_14_isoform_2	45.902	61	32	1	1.39e-07	57.4	H.sapiens_DNAJC14_dnaJ_homolog_subfamily_C_member_14_isoform_2
G.gallus_DNAJC17_dnaJ_homolog_subfamily_C_member_17_isoform_X3	49.180	61	31	0	1.45e-07	56.2	G.gallus_DNAJC17_dnaJ_homolog_subfamily_C_member_17_isoform_X3
E.caballus_DNAJC14_dnaJ_homolog_subfamily_C_member_14	44.262	61	33	1	1.55e-07	57.4	E.caballus_DNAJC14_dnaJ_homolog_subfamily_C_member_14
S.salar_dnajc3b_LOW_QUALITY_PROTEIN_dnaJ_homolog_subfamily_C_memb	42.857	77	40	2	1.65e-07	57.0	S.salar_dnajc3b_LOW_QUALITY_PROTEIN_dnaJ_homolog_subfamily_C_memb
S.salar_LOC106565401_dnaJ_homolog_subfamily_C_member_14like	28.926	121	76	3	1.74e-07	57.0	S.salar_LOC106565401_dnaJ_homolog_subfamily_C_member_14like
X.laevis_dnajc21.L_dnaJ_homolog_subfamily_C_member_21_isoform_X3	37.662	77	47	1	1.75e-07	57.0	X.laevis_dnajc21.L_dnaJ_homolog_subfamily_C_member_21_isoform_X3
G.aculeatus_dnajc14_dnaJ_homolog_subfamily_C_member_14	41.176	68	39	1	1.80e-07	57.0	G.aculeatus_dnajc14_dnaJ_homolog_subfamily_C_member_14
G.aculeatus_dnajc12_dnaJ_homolog_subfamily_C_member_12	37.838	74	46	0	1.83e-07	54.3	G.aculeatus_dnajc12_dnaJ_homolog_subfamily_C_member_12
F.catus_DNAJC14_dnaJ_homolog_subfamily_C_member_14_isoform_X1	44.262	61	33	1	1.92e-07	57.0	F.catus_DNAJC14_dnaJ_homolog_subfamily_C_member_14_isoform_X1
D.rerio_dnajc22_dnaJ_homolog_subfamily_C_member_22	45.763	59	31	1	2.00e-07	56.2	D.rerio_dnajc22_dnaJ_homolog_subfamily_C_member_22
G.aculeatus_dnajc3b_dnaJ_homolog_subfamily_C_member_3b	45.455	77	38	2	2.16e-07	56.6	G.aculeatus_dnajc3b_dnaJ_homolog_subfamily_C_member_3b
S.townsendi_LOC125426736_dnaJ_homolog_subfamily_C_member_17like	51.613	62	30	0	2.24e-07	55.8	S.townsendi_LOC125426736_dnaJ_homolog_subfamily_C_member_17like
H.sapiens_DNAJC25-GNG10_DNAJC25GNG10_protein_precursor	42.857	63	26	1	2.41e-07	53.5	H.sapiens_DNAJC25-GNG10_DNAJC25GNG10_protein_precursor
S.salar_LOC106577647_dnaJ_homolog_subfamily_C_member_3	41.558	77	41	2	3.52e-07	55.8	S.salar_LOC106577647_dnaJ_homolog_subfamily_C_member_3
F.catus_DNAJC24_dnaJ_homolog_subfamily_C_member_24_isoform_X1	34.247	73	42	1	4.28e-07	52.4	F.catus_DNAJC24_dnaJ_homolog_subfamily_C_member_24_isoform_X1
H.sapiens_DNAJC9_dnaJ_homolog_subfamily_C_member_9_isoform_X1	29.167	144	79	5	4.84e-07	54.3	H.sapiens_DNAJC9_dnaJ_homolog_subfamily_C_member_9_isoform_X1
D.rerio_dnajc14_dnaJ_homolog_subfamily_C_member_14	39.706	68	40	1	5.29e-07	55.5	D.rerio_dnajc14_dnaJ_homolog_subfamily_C_member_14
G.aculeatus_dnajc25_dnaJ_homolog_subfamily_C_member_25	44.286	70	30	2	6.08e-07	54.7	G.aculeatus_dnajc25_dnaJ_homolog_subfamily_C_member_25
S.salar_LOC106581514_dnaJ_homolog_subfamily_C_member_30_mitochond	32.710	107	64	2	6.57e-07	53.9	S.salar_LOC106581514_dnaJ_homolog_subfamily_C_member_30_mitochond
E.caballus_DNAJC5G_dnaJ_homolog_subfamily_C_member_5G	38.095	84	36	1	8.40e-07	52.4	E.caballus_DNAJC5G_dnaJ_homolog_subfamily_C_member_5G
C.carcharias_sec63_translocation_protein_SEC63_homolog	44.615	65	32	1	9.21e-07	54.7	C.carcharias_sec63_translocation_protein_SEC63_homolog
H.sapiens_DNAJC24_dnaJ_homolog_subfamily_C_member_24	31.507	73	44	1	2.78e-06	50.1	H.sapiens_DNAJC24_dnaJ_homolog_subfamily_C_member_24
S.salar_LOC106590186_dnaJ_homolog_subfamily_C_member_13_isoform_X	37.879	66	35	2	3.28e-06	53.5	S.salar_LOC106590186_dnaJ_homolog_subfamily_C_member_13_isoform_X
G.gallus_DNAJC22_dnaJ_homolog_subfamily_C_member_22	40.385	52	30	1	3.33e-06	52.0	G.gallus_DNAJC22_dnaJ_homolog_subfamily_C_member_22
C.carcharias_dnajc22_dnaJ_homolog_subfamily_C_member_22	37.931	58	35	1	3.37e-06	52.4	C.carcharias_dnajc22_dnaJ_homolog_subfamily_C_member_22
X.laevis_dnajc7.S_dnaJ_homolog_subfamily_C_member_7	34.711	121	59	4	3.45e-06	52.8	X.laevis_dnajc7.S_dnaJ_homolog_subfamily_C_member_7
X.laevis_dnajc7.L_dnaJ_homolog_subfamily_C_member_7	45.070	71	34	1	3.69e-06	52.8	X.laevis_dnajc7.L_dnaJ_homolog_subfamily_C_member_7
S.townsendi_DNAJC24_dnaJ_homolog_subfamily_C_member_24	34.247	73	42	1	3.71e-06	49.7	S.townsendi_DNAJC24_dnaJ_homolog_subfamily_C_member_24
X.laevis_dnajc9.L_DnaJ_heat_shock_protein_family_Hsp40_member_C9_	29.104	134	78	4	3.81e-06	51.6	X.laevis_dnajc9.L_DnaJ_heat_shock_protein_family_Hsp40_member_C9_
G.aculeatus_LOC120811420_dnaJ_homolog_subfamily_C_member_13like_i	37.879	66	35	2	4.08e-06	53.1	G.aculeatus_LOC120811420_dnaJ_homolog_subfamily_C_member_13like_i
G.aculeatus_LOC120819479_dnaJ_homolog_subfamily_C_member_7like	34.286	105	55	3	5.44e-06	52.0	G.aculeatus_LOC120819479_dnaJ_homolog_subfamily_C_member_7like
X.laevis_dnajc13.S_dnaJ_homolog_subfamily_C_member_13_isoform_X1	41.667	60	29	2	5.46e-06	52.8	X.laevis_dnajc13.S_dnaJ_homolog_subfamily_C_member_13_isoform_X1
C.carcharias_dnajc9_dnaJ_homolog_subfamily_C_member_9	29.851	134	77	4	5.56e-06	51.2	C.carcharias_dnajc9_dnaJ_homolog_subfamily_C_member_9
X.laevis_dnajc13.L_dnaJ_homolog_subfamily_C_member_13_isoform_X1	41.667	60	29	2	5.65e-06	52.8	X.laevis_dnajc13.L_dnaJ_homolog_subfamily_C_member_13_isoform_X1
G.gallus_DNAJC14_dnaJ_homolog_subfamily_C_member_14	40.984	61	35	1	5.86e-06	52.0	G.gallus_DNAJC14_dnaJ_homolog_subfamily_C_member_14
C.carcharias_dnajc14_dnaJ_homolog_subfamily_C_member_14	38.235	68	41	1	6.00e-06	52.4	C.carcharias_dnajc14_dnaJ_homolog_subfamily_C_member_14
G.gallus_DNAJC13_dnaJ_homolog_subfamily_C_member_13_isoform_X1	40.000	60	30	2	6.48e-06	52.4	G.gallus_DNAJC13_dnaJ_homolog_subfamily_C_member_13_isoform_X1
H.sapiens_DNAJC5G_dnaJ_homolog_subfamily_C_member_5G_isoform_2	36.145	83	37	2	6.93e-06	49.7	H.sapiens_DNAJC5G_dnaJ_homolog_subfamily_C_member_5G_isoform_2
F.catus_DNAJC5G_dnaJ_homolog_subfamily_C_member_5G_isoform_X2	34.737	95	34	1	7.51e-06	50.1	F.catus_DNAJC5G_dnaJ_homolog_subfamily_C_member_5G_isoform_X2
C.carcharias_dnajc25_dnaJ_homolog_subfamily_C_member_25_isoform_X	42.029	69	30	3	8.26e-06	51.2	C.carcharias_dnajc25_dnaJ_homolog_subfamily_C_member_25_isoform_X
H.sapiens_DNAJC22_dnaJ_homolog_subfamily_C_member_22	42.593	54	30	1	8.61e-06	51.2	H.sapiens_DNAJC22_dnaJ_homolog_subfamily_C_member_22
C.carcharias_dnajc7_dnaJ_homolog_subfamily_C_member_7_isoform_X2	33.884	121	60	4	9.07e-06	51.6	C.carcharias_dnajc7_dnaJ_homolog_subfamily_C_member_7_isoform_X2
E.caballus_DNAJC12_dnaJ_homolog_subfamily_C_member_12	37.879	66	41	0	9.49e-06	49.7	E.caballus_DNAJC12_dnaJ_homolog_subfamily_C_member_12
C.carcharias_dnajc24_dnaJ_homolog_subfamily_C_member_24	29.870	77	48	1	9.49e-06	48.9	C.carcharias_dnajc24_dnaJ_homolog_subfamily_C_member_24
S.salar_LOC106578659_dnaJ_homolog_subfamily_C_member_13	40.000	60	30	2	1.07e-05	51.6	S.salar_LOC106578659_dnaJ_homolog_subfamily_C_member_13
D.rerio_dnajb12b_dnaJ_homolog_subfamily_B_member_12b	53.488	43	19	1	1.07e-05	48.5	D.rerio_dnajb12b_dnaJ_homolog_subfamily_B_member_12b
S.townsendi_DNAJC7_dnaJ_homolog_subfamily_C_member_7_isoform_X1	42.254	71	36	1	1.08e-05	51.2	S.townsendi_DNAJC7_dnaJ_homolog_subfamily_C_member_7_isoform_X1
C.mydas_DNAJC7_dnaJ_homolog_subfamily_C_member_7_isoform_X1	37.079	89	50	2	1.08e-05	51.2	C.mydas_DNAJC7_dnaJ_homolog_subfamily_C_member_7_isoform_X1
